#
# There is insufficient memory for the Java Runtime Environment to continue.
# Native memory allocation (mmap) failed to map 343932928 bytes for committing reserved memory.
# Possible reasons:
#   The system is out of physical RAM or swap space
#   The process is running with CompressedOops enabled, and the Java Heap may be blocking the growth of the native heap
# Possible solutions:
#   Reduce memory load on the system
#   Increase physical memory or swap space
#   Check if swap backing store is full
#   Decrease Java heap size (-Xmx/-Xms)
#   Decrease number of Java threads
#   Decrease Java thread stack sizes (-Xss)
#   Set larger code cache with -XX:ReservedCodeCacheSize=
#   JVM is running with Unscaled Compressed Oops mode in which the Java heap is
#     placed in the first 4GB address space. The Java Heap base address is the
#     maximum limit for the native heap growth. Please use -XX:HeapBaseMinAddress
#     to set the Java Heap base and to place the Java Heap above 4GB virtual address.
# This output file may be truncated or incomplete.
#
#  Out of Memory Error (os_linux.cpp:2893), pid=4741, tid=4749
#
# JRE version: OpenJDK Runtime Environment (11.0.4+11) (build 11.0.4+11-post-Ubuntu-1ubuntu218.04.3)
# Java VM: OpenJDK 64-Bit Server VM (11.0.4+11-post-Ubuntu-1ubuntu218.04.3, mixed mode, sharing, tiered, compressed oops, g1 gc, linux-amd64)
# Core dump will be written. Default location: Core dumps may be processed with "/usr/share/apport/apport %p %s %c %d %P" (or dumping to /home/mbouopda/Bleashup/core.4741)
#

---------------  S U M M A R Y ------------

Command Line: --add-modules=ALL-SYSTEM --add-opens=java.base/java.util=ALL-UNNAMED --add-opens=java.base/java.lang=ALL-UNNAMED -Declipse.application=org.eclipse.jdt.ls.core.id1 -Dosgi.bundles.defaultStartLevel=4 -Declipse.product=org.eclipse.jdt.ls.core.product -Dfile.encoding=utf8 -Xverify:none -Xmx1G -XX:+UseG1GC -XX:+UseStringDeduplication /home/mbouopda/.vscode/extensions/redhat.java-0.54.2/server/plugins/org.eclipse.equinox.launcher_1.5.600.v20191014-2022.jar -configuration /home/mbouopda/.vscode/extensions/redhat.java-0.54.2/server/config_linux -data /home/mbouopda/.config/Code/User/workspaceStorage/a36a1c4ac74645a0d012b23bcf6e8e15/redhat.java/jdt_ws

Host: AMD A4-6210 APU with AMD Radeon R3 Graphics, 4 cores, 3G, Ubuntu 18.04.3 LTS
Time: Fri Dec 13 19:11:52 2019 CET elapsed time: 80 seconds (0d 0h 1m 20s)

---------------  T H R E A D  ---------------

Current thread (0x00007f20f011d000):  VMThread "VM Thread" [stack: 0x00007f20d0971000,0x00007f20d0a71000] [id=4749]

Stack: [0x00007f20d0971000,0x00007f20d0a71000],  sp=0x00007f20d0a6eff0,  free space=1015k
Native frames: (J=compiled Java code, A=aot compiled Java code, j=interpreted, Vv=VM code, C=native code)
V  [libjvm.so+0xde4547]
V  [libjvm.so+0xde519b]
V  [libjvm.so+0x6511a5]
V  [libjvm.so+0xbbed38]
V  [libjvm.so+0xbb5ebd]
V  [libjvm.so+0x76f53f]
V  [libjvm.so+0x76f7ae]
V  [libjvm.so+0x77b820]
V  [libjvm.so+0x7f6969]
V  [libjvm.so+0x7f75c2]
V  [libjvm.so+0x7f7a29]
V  [libjvm.so+0x72de6f]
V  [libjvm.so+0x732b6a]
V  [libjvm.so+0xdf01e1]
V  [libjvm.so+0xdeeda8]
V  [libjvm.so+0xdec5e6]
V  [libjvm.so+0xdecaf0]
V  [libjvm.so+0xdecf23]
V  [libjvm.so+0xd7aeea]
V  [libjvm.so+0xbc4a5e]

VM_Operation (0x00007f2065299080): G1CollectForAllocation, mode: safepoint, requested by thread 0x00007f2078aaa800


---------------  P R O C E S S  ---------------

Threads class SMR info:
_java_thread_list=0x00007f2088000b20, length=30, elements={
0x00007f20f0012800, 0x00007f20f011f800, 0x00007f20f0121800, 0x00007f20f0128000,
0x00007f20f012a800, 0x00007f20f012c800, 0x00007f20f012e800, 0x00007f20f0144000,
0x00007f20f018e800, 0x00007f20f02f8800, 0x00007f20f0367800, 0x00007f20f036c800,
0x00007f2078113000, 0x00007f207820c800, 0x00007f206c001800, 0x00007f20783c3000,
0x00007f2060001000, 0x00007f2054001000, 0x00007f206000b800, 0x000055d2cb93f800,
0x00007f2058006000, 0x00007f205800f800, 0x000055d2cb94a800, 0x00007f2058008000,
0x000055d2cb956000, 0x00007f205801a000, 0x00007f205804f800, 0x00007f2054129800,
0x00007f2078aaa800, 0x00007f20f033f800
}

Java Threads: ( => current thread )
  0x00007f20f0012800 JavaThread "main" [_thread_blocked, id=4742, stack(0x00007f20f7d11000,0x00007f20f7e12000)]
  0x00007f20f011f800 JavaThread "Reference Handler" daemon [_thread_blocked, id=4750, stack(0x00007f20d086e000,0x00007f20d096f000)]
  0x00007f20f0121800 JavaThread "Finalizer" daemon [_thread_blocked, id=4751, stack(0x00007f20d076d000,0x00007f20d086e000)]
  0x00007f20f0128000 JavaThread "Signal Dispatcher" daemon [_thread_blocked, id=4752, stack(0x00007f20d066c000,0x00007f20d076d000)]
  0x00007f20f012a800 JavaThread "C2 CompilerThread0" daemon [_thread_blocked, id=4753, stack(0x00007f20d056b000,0x00007f20d066c000)]
  0x00007f20f012c800 JavaThread "C1 CompilerThread0" daemon [_thread_blocked, id=4754, stack(0x00007f20d046a000,0x00007f20d056b000)]
  0x00007f20f012e800 JavaThread "Sweeper thread" daemon [_thread_blocked, id=4755, stack(0x00007f20d0369000,0x00007f20d046a000)]
  0x00007f20f0144000 JavaThread "Common-Cleaner" daemon [_thread_blocked, id=4757, stack(0x00007f20d0268000,0x00007f20d0369000)]
  0x00007f20f018e800 JavaThread "Service Thread" daemon [_thread_blocked, id=4759, stack(0x00007f20d0167000,0x00007f20d0268000)]
  0x00007f20f02f8800 JavaThread "Active Thread: Equinox Container: 7dcbe183-0339-400a-b35b-9b321c2c51fc" [_thread_blocked, id=4768, stack(0x00007f20c9006000,0x00007f20c9107000)]
  0x00007f20f0367800 JavaThread "Framework Event Dispatcher: Equinox Container: 7dcbe183-0339-400a-b35b-9b321c2c51fc" daemon [_thread_blocked, id=4769, stack(0x00007f20c8f05000,0x00007f20c9006000)]
  0x00007f20f036c800 JavaThread "Start Level: Equinox Container: 7dcbe183-0339-400a-b35b-9b321c2c51fc" daemon [_thread_blocked, id=4770, stack(0x00007f20c8e04000,0x00007f20c8f05000)]
  0x00007f2078113000 JavaThread "Worker-JM" [_thread_blocked, id=4771, stack(0x00007f20c88f2000,0x00007f20c89f3000)]
  0x00007f207820c800 JavaThread "Worker-0: Refreshing workspace" [_thread_blocked, id=4775, stack(0x00007f20c82eb000,0x00007f20c83ec000)]
  0x00007f206c001800 JavaThread "Worker-1: Updating Maven Dependencies" [_thread_blocked, id=4776, stack(0x00007f20c81ea000,0x00007f20c82eb000)]
  0x00007f20783c3000 JavaThread "Java indexing" daemon [_thread_blocked, id=4777, stack(0x00007f20c80e9000,0x00007f20c81ea000)]
  0x00007f2060001000 JavaThread "Worker-2" [_thread_blocked, id=4778, stack(0x00007f2067aff000,0x00007f2067c00000)]
  0x00007f2054001000 JavaThread "Worker-3: Java indexing... " [_thread_blocked, id=4779, stack(0x00007f20679fe000,0x00007f2067aff000)]
  0x00007f206000b800 JavaThread "Worker-4: Synchronize Gradle projects with workspace" [_thread_blocked, id=4782, stack(0x00007f20676fd000,0x00007f20677fe000)]
  0x000055d2cb93f800 JavaThread "Worker-5: Synchronize Gradle projects with workspace" [_thread_blocked, id=4783, stack(0x00007f20673fc000,0x00007f20674fd000)]
  0x00007f2058006000 JavaThread "Worker-6: Repository registry initialization" [_thread_blocked, id=4784, stack(0x00007f20672fb000,0x00007f20673fc000)]
  0x00007f205800f800 JavaThread "Timer-1" [_thread_blocked, id=4785, stack(0x00007f20671fa000,0x00007f20672fb000)]
  0x000055d2cb94a800 JavaThread "Timer-0" [_thread_blocked, id=4786, stack(0x00007f20670f9000,0x00007f20671fa000)]
  0x00007f2058008000 JavaThread "Timer-2" [_thread_blocked, id=4787, stack(0x00007f2065da1000,0x00007f2065ea2000)]
  0x000055d2cb956000 JavaThread "Timer-3" [_thread_blocked, id=4788, stack(0x00007f2065ca0000,0x00007f2065da1000)]
  0x00007f205801a000 JavaThread "Timer-4" [_thread_blocked, id=4791, stack(0x00007f206579f000,0x00007f20658a0000)]
  0x00007f205804f800 JavaThread "Connection worker" [_thread_blocked, id=4793, stack(0x00007f206539d000,0x00007f206549e000)]
  0x00007f2054129800 JavaThread "Worker-7" [_thread_blocked, id=4794, stack(0x00007f206529c000,0x00007f206539d000)]
  0x00007f2078aaa800 JavaThread "Distribution download" daemon [_thread_blocked, id=4800, stack(0x00007f206519b000,0x00007f206529c000)]
  0x00007f20f033f800 JavaThread "pool-2-thread-1" [_thread_blocked, id=4807, stack(0x00007f206549e000,0x00007f206559f000)]

Other Threads:
=>0x00007f20f011d000 VMThread "VM Thread" [stack: 0x00007f20d0971000,0x00007f20d0a71000] [id=4749]
  0x00007f20f0191000 WatcherThread [stack: 0x00007f20d0067000,0x00007f20d0167000] [id=4760]
  0x00007f20f0029000 GCTaskThread "GC Thread#0" [stack: 0x00007f20d8650000,0x00007f20d8750000] [id=4743]
  0x00007f20b0001000 GCTaskThread "GC Thread#1" [stack: 0x00007f20c9109000,0x00007f20c9209000] [id=4767]
  0x00007f20b0007800 GCTaskThread "GC Thread#2" [stack: 0x00007f20c87f2000,0x00007f20c88f2000] [id=4772]
  0x00007f20b0009000 GCTaskThread "GC Thread#3" [stack: 0x00007f20c86f0000,0x00007f20c87f0000] [id=4773]
  0x00007f20f0044800 ConcurrentGCThread "G1 Main Marker" [stack: 0x00007f20d1b00000,0x00007f20d1c00000] [id=4744]
  0x00007f20f0046800 ConcurrentGCThread "G1 Conc#0" [stack: 0x00007f20d19fe000,0x00007f20d1afe000] [id=4745]
  0x00007f20f0083800 ConcurrentGCThread "G1 Refine#0" [stack: 0x00007f20d14f8000,0x00007f20d15f8000] [id=4746]
  0x00007f20c0001000 ConcurrentGCThread "G1 Refine#1" [stack: 0x00007f20c85ee000,0x00007f20c86ee000] [id=4774]
  0x00007f20f0085800 ConcurrentGCThread "G1 Young RemSet Sampling" [stack: 0x00007f20d13f6000,0x00007f20d14f6000] [id=4747]
  0x00007f20f008c800 ConcurrentGCThread "StrDedup" [stack: 0x00007f20d12f4000,0x00007f20d13f4000] [id=4748]

Threads with active compile tasks:
C2 CompilerThread05555   !   4       org.eclipse.jdt.internal.core.search.indexing.BinaryIndexer::indexDocument (1104 bytes)
C1 CompilerThread05576 %     3       java.lang.ThreadLocal$ThreadLocalMap::getEntryAfterMiss @ 11 (63 bytes)

VM state:at safepoint (normal execution)

VM Mutex/Monitor currently owned by a thread:  ([mutex/lock_event])
[0x00007f20f000ed40] Threads_lock - owner thread: 0x00007f20f011d000
[0x00007f20f000f490] Heap_lock - owner thread: 0x00007f2078aaa800

Heap address: 0x00000000c0000000, size: 1024 MB, Compressed Oops mode: 32-bit
Narrow klass base: 0x0000000800000000, Narrow klass shift: 3
Compressed class space size: 1073741824 Address: 0x0000000840000000

Heap:
 garbage-first heap   total 544768K, used 77446K [0x00000000c0000000, 0x0000000100000000)
  region size 1024K, 2 young (2048K), 2 survivors (2048K)
 Metaspace       used 40138K, capacity 42173K, committed 42416K, reserved 1087488K
  class space    used 4258K, capacity 5069K, committed 5120K, reserved 1048576K
Heap Regions: E=young(eden), S=young(survivor), O=old, HS=humongous(starts), HC=humongous(continues), CS=collection set, F=free, A=archive, TAMS=top-at-mark-start (previous, next)
|   0|0x00000000c0000000, 0x00000000c0100000, 0x00000000c0100000|100%| O|  |TAMS 0x00000000c0100000, 0x00000000c0000000| Untracked 
|   1|0x00000000c0100000, 0x00000000c0200000, 0x00000000c0200000|100%| O|  |TAMS 0x00000000c0200000, 0x00000000c0100000| Untracked 
|   2|0x00000000c0200000, 0x00000000c0300000, 0x00000000c0300000|100%| O|  |TAMS 0x00000000c0300000, 0x00000000c0200000| Untracked 
|   3|0x00000000c0300000, 0x00000000c0400000, 0x00000000c0400000|100%| O|  |TAMS 0x00000000c0400000, 0x00000000c0300000| Untracked 
|   4|0x00000000c0400000, 0x00000000c0500000, 0x00000000c0500000|100%| O|  |TAMS 0x00000000c0500000, 0x00000000c0400000| Untracked 
|   5|0x00000000c0500000, 0x00000000c0600000, 0x00000000c0600000|100%| O|  |TAMS 0x00000000c0600000, 0x00000000c0500000| Untracked 
|   6|0x00000000c0600000, 0x00000000c0700000, 0x00000000c0700000|100%| O|  |TAMS 0x00000000c0700000, 0x00000000c0600000| Untracked 
|   7|0x00000000c0700000, 0x00000000c0800000, 0x00000000c0800000|100%| O|  |TAMS 0x00000000c0800000, 0x00000000c0700000| Untracked 
|   8|0x00000000c0800000, 0x00000000c0900000, 0x00000000c0900000|100%|HS|  |TAMS 0x00000000c0900000, 0x00000000c0800000| Complete 
|   9|0x00000000c0900000, 0x00000000c0a00000, 0x00000000c0a00000|100%| O|  |TAMS 0x00000000c0a00000, 0x00000000c0900000| Untracked 
|  10|0x00000000c0a00000, 0x00000000c0b00000, 0x00000000c0b00000|100%| O|  |TAMS 0x00000000c0b00000, 0x00000000c0a00000| Untracked 
|  11|0x00000000c0b00000, 0x00000000c0c00000, 0x00000000c0c00000|100%| O|  |TAMS 0x00000000c0c00000, 0x00000000c0b00000| Untracked 
|  12|0x00000000c0c00000, 0x00000000c0d00000, 0x00000000c0d00000|100%| O|  |TAMS 0x00000000c0d00000, 0x00000000c0c00000| Untracked 
|  13|0x00000000c0d00000, 0x00000000c0e00000, 0x00000000c0e00000|100%| O|  |TAMS 0x00000000c0e00000, 0x00000000c0d00000| Untracked 
|  14|0x00000000c0e00000, 0x00000000c0f00000, 0x00000000c0f00000|100%| O|  |TAMS 0x00000000c0f00000, 0x00000000c0e00000| Untracked 
|  15|0x00000000c0f00000, 0x00000000c1000000, 0x00000000c1000000|100%| O|  |TAMS 0x00000000c1000000, 0x00000000c0f00000| Untracked 
|  16|0x00000000c1000000, 0x00000000c1100000, 0x00000000c1100000|100%| O|  |TAMS 0x00000000c1100000, 0x00000000c1000000| Untracked 
|  17|0x00000000c1100000, 0x00000000c1200000, 0x00000000c1200000|100%| O|  |TAMS 0x00000000c1200000, 0x00000000c1100000| Untracked 
|  18|0x00000000c1200000, 0x00000000c1300000, 0x00000000c1300000|100%| O|  |TAMS 0x00000000c1300000, 0x00000000c1200000| Untracked 
|  19|0x00000000c1300000, 0x00000000c1400000, 0x00000000c1400000|100%| O|  |TAMS 0x00000000c1400000, 0x00000000c1300000| Untracked 
|  20|0x00000000c1400000, 0x00000000c1500000, 0x00000000c1500000|100%| O|  |TAMS 0x00000000c1500000, 0x00000000c1400000| Untracked 
|  21|0x00000000c1500000, 0x00000000c1600000, 0x00000000c1600000|100%| O|  |TAMS 0x00000000c1600000, 0x00000000c1500000| Untracked 
|  22|0x00000000c1600000, 0x00000000c1700000, 0x00000000c1700000|100%| O|  |TAMS 0x00000000c1700000, 0x00000000c1600000| Untracked 
|  23|0x00000000c1700000, 0x00000000c1800000, 0x00000000c1800000|100%| O|  |TAMS 0x00000000c1800000, 0x00000000c1700000| Untracked 
|  24|0x00000000c1800000, 0x00000000c1900000, 0x00000000c1900000|100%| O|  |TAMS 0x00000000c1900000, 0x00000000c1800000| Untracked 
|  25|0x00000000c1900000, 0x00000000c1a00000, 0x00000000c1a00000|100%| O|  |TAMS 0x00000000c1a00000, 0x00000000c1900000| Untracked 
|  26|0x00000000c1a00000, 0x00000000c1b00000, 0x00000000c1b00000|100%| O|  |TAMS 0x00000000c1b00000, 0x00000000c1a00000| Untracked 
|  27|0x00000000c1b00000, 0x00000000c1c00000, 0x00000000c1c00000|100%| O|  |TAMS 0x00000000c1c00000, 0x00000000c1b00000| Untracked 
|  28|0x00000000c1c00000, 0x00000000c1d00000, 0x00000000c1d00000|100%| O|  |TAMS 0x00000000c1d00000, 0x00000000c1c00000| Untracked 
|  29|0x00000000c1d00000, 0x00000000c1e00000, 0x00000000c1e00000|100%| O|  |TAMS 0x00000000c1e00000, 0x00000000c1d00000| Untracked 
|  30|0x00000000c1e00000, 0x00000000c1f00000, 0x00000000c1f00000|100%| O|  |TAMS 0x00000000c1f00000, 0x00000000c1e00000| Untracked 
|  31|0x00000000c1f00000, 0x00000000c2000000, 0x00000000c2000000|100%| O|  |TAMS 0x00000000c2000000, 0x00000000c1f00000| Untracked 
|  32|0x00000000c2000000, 0x00000000c2100000, 0x00000000c2100000|100%| O|  |TAMS 0x00000000c2100000, 0x00000000c2000000| Untracked 
|  33|0x00000000c2100000, 0x00000000c2200000, 0x00000000c2200000|100%| O|  |TAMS 0x00000000c2200000, 0x00000000c2100000| Untracked 
|  34|0x00000000c2200000, 0x00000000c2300000, 0x00000000c2300000|100%| O|  |TAMS 0x00000000c229fa00, 0x00000000c2200000| Untracked 
|  35|0x00000000c2300000, 0x00000000c2400000, 0x00000000c2400000|100%| O|  |TAMS 0x00000000c2300000, 0x00000000c2300000| Untracked 
|  36|0x00000000c2400000, 0x00000000c2500000, 0x00000000c2500000|100%| O|  |TAMS 0x00000000c2400000, 0x00000000c2400000| Untracked 
|  37|0x00000000c2500000, 0x00000000c2600000, 0x00000000c2600000|100%| O|  |TAMS 0x00000000c2500000, 0x00000000c2500000| Untracked 
|  38|0x00000000c2600000, 0x00000000c2700000, 0x00000000c2700000|100%| O|  |TAMS 0x00000000c2600000, 0x00000000c2600000| Untracked 
|  39|0x00000000c2700000, 0x00000000c2800000, 0x00000000c2800000|100%| O|  |TAMS 0x00000000c2700000, 0x00000000c2700000| Untracked 
|  40|0x00000000c2800000, 0x00000000c2900000, 0x00000000c2900000|100%| O|  |TAMS 0x00000000c2800000, 0x00000000c2800000| Untracked 
|  41|0x00000000c2900000, 0x00000000c2a00000, 0x00000000c2a00000|100%| O|  |TAMS 0x00000000c2900000, 0x00000000c2900000| Untracked 
|  42|0x00000000c2a00000, 0x00000000c2b00000, 0x00000000c2b00000|100%| O|  |TAMS 0x00000000c2a00000, 0x00000000c2a00000| Untracked 
|  43|0x00000000c2b00000, 0x00000000c2c00000, 0x00000000c2c00000|100%| O|  |TAMS 0x00000000c2b00000, 0x00000000c2b00000| Untracked 
|  44|0x00000000c2c00000, 0x00000000c2d00000, 0x00000000c2d00000|100%| O|  |TAMS 0x00000000c2c00000, 0x00000000c2c00000| Untracked 
|  45|0x00000000c2d00000, 0x00000000c2e00000, 0x00000000c2e00000|100%| O|  |TAMS 0x00000000c2d00000, 0x00000000c2d00000| Untracked 
|  46|0x00000000c2e00000, 0x00000000c2f00000, 0x00000000c2f00000|100%| O|  |TAMS 0x00000000c2e00000, 0x00000000c2e00000| Untracked 
|  47|0x00000000c2f00000, 0x00000000c3000000, 0x00000000c3000000|100%| O|  |TAMS 0x00000000c2f00000, 0x00000000c2f00000| Untracked 
|  48|0x00000000c3000000, 0x00000000c3100000, 0x00000000c3100000|100%| O|  |TAMS 0x00000000c3000000, 0x00000000c3000000| Untracked 
|  49|0x00000000c3100000, 0x00000000c3200000, 0x00000000c3200000|100%| O|  |TAMS 0x00000000c3100000, 0x00000000c3100000| Untracked 
|  50|0x00000000c3200000, 0x00000000c3300000, 0x00000000c3300000|100%| O|  |TAMS 0x00000000c3200000, 0x00000000c3200000| Untracked 
|  51|0x00000000c3300000, 0x00000000c3400000, 0x00000000c3400000|100%| O|  |TAMS 0x00000000c3300000, 0x00000000c3300000| Untracked 
|  52|0x00000000c3400000, 0x00000000c3500000, 0x00000000c3500000|100%| O|  |TAMS 0x00000000c3400000, 0x00000000c3400000| Untracked 
|  53|0x00000000c3500000, 0x00000000c3600000, 0x00000000c3600000|100%| O|  |TAMS 0x00000000c3500000, 0x00000000c3500000| Untracked 
|  54|0x00000000c3600000, 0x00000000c3700000, 0x00000000c3700000|100%| O|  |TAMS 0x00000000c3600000, 0x00000000c3600000| Untracked 
|  55|0x00000000c3700000, 0x00000000c3800000, 0x00000000c3800000|100%| O|  |TAMS 0x00000000c3700000, 0x00000000c3700000| Untracked 
|  56|0x00000000c3800000, 0x00000000c3900000, 0x00000000c3900000|100%| O|  |TAMS 0x00000000c3800000, 0x00000000c3800000| Untracked 
|  57|0x00000000c3900000, 0x00000000c3a00000, 0x00000000c3a00000|100%|HS|  |TAMS 0x00000000c3900000, 0x00000000c3900000| Complete 
|  58|0x00000000c3a00000, 0x00000000c3b00000, 0x00000000c3b00000|100%| O|  |TAMS 0x00000000c3a00000, 0x00000000c3a00000| Untracked 
|  59|0x00000000c3b00000, 0x00000000c3c00000, 0x00000000c3c00000|100%| O|  |TAMS 0x00000000c3b00000, 0x00000000c3b00000| Untracked 
|  60|0x00000000c3c00000, 0x00000000c3d00000, 0x00000000c3d00000|100%| O|  |TAMS 0x00000000c3c00000, 0x00000000c3c00000| Untracked 
|  61|0x00000000c3d00000, 0x00000000c3e00000, 0x00000000c3e00000|100%| O|  |TAMS 0x00000000c3d00000, 0x00000000c3d00000| Untracked 
|  62|0x00000000c3e00000, 0x00000000c3f00000, 0x00000000c3f00000|100%| O|  |TAMS 0x00000000c3e00000, 0x00000000c3e00000| Untracked 
|  63|0x00000000c3f00000, 0x00000000c4000000, 0x00000000c4000000|100%| O|  |TAMS 0x00000000c3f00000, 0x00000000c3f00000| Untracked 
|  64|0x00000000c4000000, 0x00000000c4100000, 0x00000000c4100000|100%| O|  |TAMS 0x00000000c4000000, 0x00000000c4000000| Untracked 
|  65|0x00000000c4100000, 0x00000000c4200000, 0x00000000c4200000|100%| O|  |TAMS 0x00000000c4100000, 0x00000000c4100000| Untracked 
|  66|0x00000000c4200000, 0x00000000c4300000, 0x00000000c4300000|100%| O|  |TAMS 0x00000000c4200000, 0x00000000c4200000| Untracked 
|  67|0x00000000c4300000, 0x00000000c4400000, 0x00000000c4400000|100%| O|  |TAMS 0x00000000c4300000, 0x00000000c4300000| Untracked 
|  68|0x00000000c4400000, 0x00000000c4500000, 0x00000000c4500000|100%| O|  |TAMS 0x00000000c4400000, 0x00000000c4400000| Untracked 
|  69|0x00000000c4500000, 0x00000000c4600000, 0x00000000c4600000|100%| O|  |TAMS 0x00000000c4500000, 0x00000000c4500000| Untracked 
|  70|0x00000000c4600000, 0x00000000c4700000, 0x00000000c4700000|100%| O|  |TAMS 0x00000000c4600000, 0x00000000c4600000| Untracked 
|  71|0x00000000c4700000, 0x00000000c4800000, 0x00000000c4800000|100%| O|  |TAMS 0x00000000c4700000, 0x00000000c4700000| Untracked 
|  72|0x00000000c4800000, 0x00000000c4900000, 0x00000000c4900000|100%| O|  |TAMS 0x00000000c4800000, 0x00000000c4800000| Untracked 
|  73|0x00000000c4900000, 0x00000000c496e000, 0x00000000c4a00000| 42%| O|  |TAMS 0x00000000c4900000, 0x00000000c4900000| Untracked 
|  74|0x00000000c4a00000, 0x00000000c4a00000, 0x00000000c4b00000|  0%| F|  |TAMS 0x00000000c4a00000, 0x00000000c4a00000| Untracked 
|  75|0x00000000c4b00000, 0x00000000c4b00000, 0x00000000c4c00000|  0%| F|  |TAMS 0x00000000c4b00000, 0x00000000c4b00000| Untracked 
|  76|0x00000000c4c00000, 0x00000000c4c00000, 0x00000000c4d00000|  0%| F|  |TAMS 0x00000000c4c00000, 0x00000000c4c00000| Untracked 
|  77|0x00000000c4d00000, 0x00000000c4d00000, 0x00000000c4e00000|  0%| F|  |TAMS 0x00000000c4d00000, 0x00000000c4d00000| Untracked 
|  78|0x00000000c4e00000, 0x00000000c4e00000, 0x00000000c4f00000|  0%| F|  |TAMS 0x00000000c4e00000, 0x00000000c4e00000| Untracked 
|  79|0x00000000c4f00000, 0x00000000c4f00000, 0x00000000c5000000|  0%| F|  |TAMS 0x00000000c4f00000, 0x00000000c4f00000| Untracked 
|  80|0x00000000c5000000, 0x00000000c5000000, 0x00000000c5100000|  0%| F|  |TAMS 0x00000000c5000000, 0x00000000c5000000| Untracked 
|  81|0x00000000c5100000, 0x00000000c5100000, 0x00000000c5200000|  0%| F|  |TAMS 0x00000000c5100000, 0x00000000c5100000| Untracked 
|  82|0x00000000c5200000, 0x00000000c5200000, 0x00000000c5300000|  0%| F|  |TAMS 0x00000000c5200000, 0x00000000c5200000| Untracked 
|  83|0x00000000c5300000, 0x00000000c5300000, 0x00000000c5400000|  0%| F|  |TAMS 0x00000000c5300000, 0x00000000c5300000| Untracked 
|  84|0x00000000c5400000, 0x00000000c5400000, 0x00000000c5500000|  0%| F|  |TAMS 0x00000000c5400000, 0x00000000c5400000| Untracked 
|  85|0x00000000c5500000, 0x00000000c5500000, 0x00000000c5600000|  0%| F|  |TAMS 0x00000000c5500000, 0x00000000c5500000| Untracked 
|  86|0x00000000c5600000, 0x00000000c5600000, 0x00000000c5700000|  0%| F|  |TAMS 0x00000000c5600000, 0x00000000c5600000| Untracked 
|  87|0x00000000c5700000, 0x00000000c5700000, 0x00000000c5800000|  0%| F|  |TAMS 0x00000000c5700000, 0x00000000c5700000| Untracked 
|  88|0x00000000c5800000, 0x00000000c5800000, 0x00000000c5900000|  0%| F|  |TAMS 0x00000000c5800000, 0x00000000c5800000| Untracked 
|  89|0x00000000c5900000, 0x00000000c5900000, 0x00000000c5a00000|  0%| F|  |TAMS 0x00000000c5900000, 0x00000000c5900000| Untracked 
|  90|0x00000000c5a00000, 0x00000000c5a00000, 0x00000000c5b00000|  0%| F|  |TAMS 0x00000000c5a00000, 0x00000000c5a00000| Untracked 
|  91|0x00000000c5b00000, 0x00000000c5b00000, 0x00000000c5c00000|  0%| F|  |TAMS 0x00000000c5b00000, 0x00000000c5b00000| Untracked 
|  92|0x00000000c5c00000, 0x00000000c5c00000, 0x00000000c5d00000|  0%| F|  |TAMS 0x00000000c5c00000, 0x00000000c5c00000| Untracked 
|  93|0x00000000c5d00000, 0x00000000c5d00000, 0x00000000c5e00000|  0%| F|  |TAMS 0x00000000c5d00000, 0x00000000c5d00000| Untracked 
|  94|0x00000000c5e00000, 0x00000000c5e00000, 0x00000000c5f00000|  0%| F|  |TAMS 0x00000000c5e00000, 0x00000000c5e00000| Untracked 
|  95|0x00000000c5f00000, 0x00000000c5f00000, 0x00000000c6000000|  0%| F|  |TAMS 0x00000000c5f00000, 0x00000000c5f00000| Untracked 
|  96|0x00000000c6000000, 0x00000000c6000000, 0x00000000c6100000|  0%| F|  |TAMS 0x00000000c6000000, 0x00000000c6000000| Untracked 
|  97|0x00000000c6100000, 0x00000000c6100000, 0x00000000c6200000|  0%| F|  |TAMS 0x00000000c6100000, 0x00000000c6100000| Untracked 
|  98|0x00000000c6200000, 0x00000000c6200000, 0x00000000c6300000|  0%| F|  |TAMS 0x00000000c6200000, 0x00000000c6200000| Untracked 
|  99|0x00000000c6300000, 0x00000000c6300000, 0x00000000c6400000|  0%| F|  |TAMS 0x00000000c6300000, 0x00000000c6300000| Untracked 
| 100|0x00000000c6400000, 0x00000000c6400000, 0x00000000c6500000|  0%| F|  |TAMS 0x00000000c6400000, 0x00000000c6400000| Untracked 
| 101|0x00000000c6500000, 0x00000000c6500000, 0x00000000c6600000|  0%| F|  |TAMS 0x00000000c6500000, 0x00000000c6500000| Untracked 
| 102|0x00000000c6600000, 0x00000000c6600000, 0x00000000c6700000|  0%| F|  |TAMS 0x00000000c6600000, 0x00000000c6600000| Untracked 
| 103|0x00000000c6700000, 0x00000000c6700000, 0x00000000c6800000|  0%| F|  |TAMS 0x00000000c6700000, 0x00000000c6700000| Untracked 
| 104|0x00000000c6800000, 0x00000000c6800000, 0x00000000c6900000|  0%| F|  |TAMS 0x00000000c6800000, 0x00000000c6800000| Untracked 
| 105|0x00000000c6900000, 0x00000000c6900000, 0x00000000c6a00000|  0%| F|  |TAMS 0x00000000c6900000, 0x00000000c6900000| Untracked 
| 106|0x00000000c6a00000, 0x00000000c6a00000, 0x00000000c6b00000|  0%| F|  |TAMS 0x00000000c6a00000, 0x00000000c6a00000| Untracked 
| 107|0x00000000c6b00000, 0x00000000c6b00000, 0x00000000c6c00000|  0%| F|  |TAMS 0x00000000c6b00000, 0x00000000c6b00000| Untracked 
| 108|0x00000000c6c00000, 0x00000000c6c00000, 0x00000000c6d00000|  0%| F|  |TAMS 0x00000000c6c00000, 0x00000000c6c00000| Untracked 
| 109|0x00000000c6d00000, 0x00000000c6d00000, 0x00000000c6e00000|  0%| F|  |TAMS 0x00000000c6d00000, 0x00000000c6d00000| Untracked 
| 110|0x00000000c6e00000, 0x00000000c6e00000, 0x00000000c6f00000|  0%| F|  |TAMS 0x00000000c6e00000, 0x00000000c6e00000| Untracked 
| 111|0x00000000c6f00000, 0x00000000c6f00000, 0x00000000c7000000|  0%| F|  |TAMS 0x00000000c6f00000, 0x00000000c6f00000| Untracked 
| 112|0x00000000c7000000, 0x00000000c7000000, 0x00000000c7100000|  0%| F|  |TAMS 0x00000000c7000000, 0x00000000c7000000| Untracked 
| 113|0x00000000c7100000, 0x00000000c7100000, 0x00000000c7200000|  0%| F|  |TAMS 0x00000000c7100000, 0x00000000c7100000| Untracked 
| 114|0x00000000c7200000, 0x00000000c7200000, 0x00000000c7300000|  0%| F|  |TAMS 0x00000000c7200000, 0x00000000c7200000| Untracked 
| 115|0x00000000c7300000, 0x00000000c7300000, 0x00000000c7400000|  0%| F|  |TAMS 0x00000000c7300000, 0x00000000c7300000| Untracked 
| 116|0x00000000c7400000, 0x00000000c7400000, 0x00000000c7500000|  0%| F|  |TAMS 0x00000000c7400000, 0x00000000c7400000| Untracked 
| 117|0x00000000c7500000, 0x00000000c7500000, 0x00000000c7600000|  0%| F|  |TAMS 0x00000000c7500000, 0x00000000c7500000| Untracked 
| 118|0x00000000c7600000, 0x00000000c7600000, 0x00000000c7700000|  0%| F|  |TAMS 0x00000000c7600000, 0x00000000c7600000| Untracked 
| 119|0x00000000c7700000, 0x00000000c7700000, 0x00000000c7800000|  0%| F|  |TAMS 0x00000000c7700000, 0x00000000c7700000| Untracked 
| 120|0x00000000c7800000, 0x00000000c7800000, 0x00000000c7900000|  0%| F|  |TAMS 0x00000000c7800000, 0x00000000c7800000| Untracked 
| 121|0x00000000c7900000, 0x00000000c7900000, 0x00000000c7a00000|  0%| F|  |TAMS 0x00000000c7900000, 0x00000000c7900000| Untracked 
| 122|0x00000000c7a00000, 0x00000000c7a00000, 0x00000000c7b00000|  0%| F|  |TAMS 0x00000000c7a00000, 0x00000000c7a00000| Untracked 
| 123|0x00000000c7b00000, 0x00000000c7b00000, 0x00000000c7c00000|  0%| F|  |TAMS 0x00000000c7b00000, 0x00000000c7b00000| Untracked 
| 124|0x00000000c7c00000, 0x00000000c7c00000, 0x00000000c7d00000|  0%| F|  |TAMS 0x00000000c7c00000, 0x00000000c7c00000| Untracked 
| 125|0x00000000c7d00000, 0x00000000c7d00000, 0x00000000c7e00000|  0%| F|  |TAMS 0x00000000c7d00000, 0x00000000c7d00000| Untracked 
| 126|0x00000000c7e00000, 0x00000000c7e00000, 0x00000000c7f00000|  0%| F|  |TAMS 0x00000000c7e00000, 0x00000000c7e00000| Untracked 
| 127|0x00000000c7f00000, 0x00000000c7f00000, 0x00000000c8000000|  0%| F|  |TAMS 0x00000000c7f00000, 0x00000000c7f00000| Untracked 
| 128|0x00000000c8000000, 0x00000000c8000000, 0x00000000c8100000|  0%| F|  |TAMS 0x00000000c8000000, 0x00000000c8000000| Untracked 
| 129|0x00000000c8100000, 0x00000000c8100000, 0x00000000c8200000|  0%| F|  |TAMS 0x00000000c8100000, 0x00000000c8100000| Untracked 
| 130|0x00000000c8200000, 0x00000000c8200000, 0x00000000c8300000|  0%| F|  |TAMS 0x00000000c8200000, 0x00000000c8200000| Untracked 
| 131|0x00000000c8300000, 0x00000000c8300000, 0x00000000c8400000|  0%| F|  |TAMS 0x00000000c8300000, 0x00000000c8300000| Untracked 
| 132|0x00000000c8400000, 0x00000000c8400000, 0x00000000c8500000|  0%| F|  |TAMS 0x00000000c8400000, 0x00000000c8400000| Untracked 
| 133|0x00000000c8500000, 0x00000000c8500000, 0x00000000c8600000|  0%| F|  |TAMS 0x00000000c8500000, 0x00000000c8500000| Untracked 
| 134|0x00000000c8600000, 0x00000000c8600000, 0x00000000c8700000|  0%| F|  |TAMS 0x00000000c8600000, 0x00000000c8600000| Untracked 
| 135|0x00000000c8700000, 0x00000000c8700000, 0x00000000c8800000|  0%| F|  |TAMS 0x00000000c8700000, 0x00000000c8700000| Untracked 
| 136|0x00000000c8800000, 0x00000000c8800000, 0x00000000c8900000|  0%| F|  |TAMS 0x00000000c8800000, 0x00000000c8800000| Untracked 
| 137|0x00000000c8900000, 0x00000000c8900000, 0x00000000c8a00000|  0%| F|  |TAMS 0x00000000c8900000, 0x00000000c8900000| Untracked 
| 138|0x00000000c8a00000, 0x00000000c8a00000, 0x00000000c8b00000|  0%| F|  |TAMS 0x00000000c8a00000, 0x00000000c8a00000| Untracked 
| 139|0x00000000c8b00000, 0x00000000c8b00000, 0x00000000c8c00000|  0%| F|  |TAMS 0x00000000c8b00000, 0x00000000c8b00000| Untracked 
| 140|0x00000000c8c00000, 0x00000000c8c00000, 0x00000000c8d00000|  0%| F|  |TAMS 0x00000000c8c00000, 0x00000000c8c00000| Untracked 
| 141|0x00000000c8d00000, 0x00000000c8d00000, 0x00000000c8e00000|  0%| F|  |TAMS 0x00000000c8d00000, 0x00000000c8d00000| Untracked 
| 142|0x00000000c8e00000, 0x00000000c8e00000, 0x00000000c8f00000|  0%| F|  |TAMS 0x00000000c8e00000, 0x00000000c8e00000| Untracked 
| 143|0x00000000c8f00000, 0x00000000c8f00000, 0x00000000c9000000|  0%| F|  |TAMS 0x00000000c8f00000, 0x00000000c8f00000| Untracked 
| 144|0x00000000c9000000, 0x00000000c9000000, 0x00000000c9100000|  0%| F|  |TAMS 0x00000000c9000000, 0x00000000c9000000| Untracked 
| 145|0x00000000c9100000, 0x00000000c9100000, 0x00000000c9200000|  0%| F|  |TAMS 0x00000000c9100000, 0x00000000c9100000| Untracked 
| 146|0x00000000c9200000, 0x00000000c9200000, 0x00000000c9300000|  0%| F|  |TAMS 0x00000000c9200000, 0x00000000c9200000| Untracked 
| 147|0x00000000c9300000, 0x00000000c9300000, 0x00000000c9400000|  0%| F|  |TAMS 0x00000000c9300000, 0x00000000c9300000| Untracked 
| 148|0x00000000c9400000, 0x00000000c9400000, 0x00000000c9500000|  0%| F|  |TAMS 0x00000000c9400000, 0x00000000c9400000| Untracked 
| 149|0x00000000c9500000, 0x00000000c9500000, 0x00000000c9600000|  0%| F|  |TAMS 0x00000000c9500000, 0x00000000c9500000| Untracked 
| 150|0x00000000c9600000, 0x00000000c9600000, 0x00000000c9700000|  0%| F|  |TAMS 0x00000000c9600000, 0x00000000c9600000| Untracked 
| 151|0x00000000c9700000, 0x00000000c9700000, 0x00000000c9800000|  0%| F|  |TAMS 0x00000000c9700000, 0x00000000c9700000| Untracked 
| 152|0x00000000c9800000, 0x00000000c9800000, 0x00000000c9900000|  0%| F|  |TAMS 0x00000000c9800000, 0x00000000c9800000| Untracked 
| 153|0x00000000c9900000, 0x00000000c9900000, 0x00000000c9a00000|  0%| F|  |TAMS 0x00000000c9900000, 0x00000000c9900000| Untracked 
| 154|0x00000000c9a00000, 0x00000000c9a00000, 0x00000000c9b00000|  0%| F|  |TAMS 0x00000000c9a00000, 0x00000000c9a00000| Untracked 
| 155|0x00000000c9b00000, 0x00000000c9b00000, 0x00000000c9c00000|  0%| F|  |TAMS 0x00000000c9b00000, 0x00000000c9b00000| Untracked 
| 156|0x00000000c9c00000, 0x00000000c9c00000, 0x00000000c9d00000|  0%| F|  |TAMS 0x00000000c9c00000, 0x00000000c9c00000| Untracked 
| 157|0x00000000c9d00000, 0x00000000c9d00000, 0x00000000c9e00000|  0%| F|  |TAMS 0x00000000c9d00000, 0x00000000c9d00000| Untracked 
| 158|0x00000000c9e00000, 0x00000000c9e00000, 0x00000000c9f00000|  0%| F|  |TAMS 0x00000000c9e00000, 0x00000000c9e00000| Untracked 
| 159|0x00000000c9f00000, 0x00000000c9f00000, 0x00000000ca000000|  0%| F|  |TAMS 0x00000000c9f00000, 0x00000000c9f00000| Untracked 
| 160|0x00000000ca000000, 0x00000000ca000000, 0x00000000ca100000|  0%| F|  |TAMS 0x00000000ca000000, 0x00000000ca000000| Untracked 
| 161|0x00000000ca100000, 0x00000000ca100000, 0x00000000ca200000|  0%| F|  |TAMS 0x00000000ca100000, 0x00000000ca100000| Untracked 
| 162|0x00000000ca200000, 0x00000000ca200000, 0x00000000ca300000|  0%| F|  |TAMS 0x00000000ca200000, 0x00000000ca200000| Untracked 
| 163|0x00000000ca300000, 0x00000000ca300000, 0x00000000ca400000|  0%| F|  |TAMS 0x00000000ca300000, 0x00000000ca300000| Untracked 
| 164|0x00000000ca400000, 0x00000000ca400000, 0x00000000ca500000|  0%| F|  |TAMS 0x00000000ca400000, 0x00000000ca400000| Untracked 
| 165|0x00000000ca500000, 0x00000000ca500000, 0x00000000ca600000|  0%| F|  |TAMS 0x00000000ca500000, 0x00000000ca500000| Untracked 
| 166|0x00000000ca600000, 0x00000000ca600000, 0x00000000ca700000|  0%| F|  |TAMS 0x00000000ca600000, 0x00000000ca600000| Untracked 
| 167|0x00000000ca700000, 0x00000000ca700000, 0x00000000ca800000|  0%| F|  |TAMS 0x00000000ca700000, 0x00000000ca700000| Untracked 
| 168|0x00000000ca800000, 0x00000000ca800000, 0x00000000ca900000|  0%| F|  |TAMS 0x00000000ca800000, 0x00000000ca800000| Untracked 
| 169|0x00000000ca900000, 0x00000000ca900000, 0x00000000caa00000|  0%| F|  |TAMS 0x00000000ca900000, 0x00000000ca900000| Untracked 
| 170|0x00000000caa00000, 0x00000000caa00000, 0x00000000cab00000|  0%| F|  |TAMS 0x00000000caa00000, 0x00000000caa00000| Untracked 
| 171|0x00000000cab00000, 0x00000000cab00000, 0x00000000cac00000|  0%| F|  |TAMS 0x00000000cab00000, 0x00000000cab00000| Untracked 
| 172|0x00000000cac00000, 0x00000000cac00000, 0x00000000cad00000|  0%| F|  |TAMS 0x00000000cac00000, 0x00000000cac00000| Untracked 
| 173|0x00000000cad00000, 0x00000000cad00000, 0x00000000cae00000|  0%| F|  |TAMS 0x00000000cad00000, 0x00000000cad00000| Untracked 
| 174|0x00000000cae00000, 0x00000000cae00000, 0x00000000caf00000|  0%| F|  |TAMS 0x00000000cae00000, 0x00000000cae00000| Untracked 
| 175|0x00000000caf00000, 0x00000000caf00000, 0x00000000cb000000|  0%| F|  |TAMS 0x00000000caf00000, 0x00000000caf00000| Untracked 
| 176|0x00000000cb000000, 0x00000000cb000000, 0x00000000cb100000|  0%| F|  |TAMS 0x00000000cb000000, 0x00000000cb000000| Untracked 
| 177|0x00000000cb100000, 0x00000000cb100000, 0x00000000cb200000|  0%| F|  |TAMS 0x00000000cb100000, 0x00000000cb100000| Untracked 
| 178|0x00000000cb200000, 0x00000000cb200000, 0x00000000cb300000|  0%| F|  |TAMS 0x00000000cb200000, 0x00000000cb200000| Untracked 
| 179|0x00000000cb300000, 0x00000000cb300000, 0x00000000cb400000|  0%| F|  |TAMS 0x00000000cb300000, 0x00000000cb300000| Untracked 
| 180|0x00000000cb400000, 0x00000000cb400000, 0x00000000cb500000|  0%| F|  |TAMS 0x00000000cb400000, 0x00000000cb400000| Untracked 
| 181|0x00000000cb500000, 0x00000000cb500000, 0x00000000cb600000|  0%| F|  |TAMS 0x00000000cb500000, 0x00000000cb500000| Untracked 
| 182|0x00000000cb600000, 0x00000000cb600000, 0x00000000cb700000|  0%| F|  |TAMS 0x00000000cb600000, 0x00000000cb600000| Untracked 
| 183|0x00000000cb700000, 0x00000000cb700000, 0x00000000cb800000|  0%| F|  |TAMS 0x00000000cb700000, 0x00000000cb700000| Untracked 
| 184|0x00000000cb800000, 0x00000000cb800000, 0x00000000cb900000|  0%| F|  |TAMS 0x00000000cb800000, 0x00000000cb800000| Untracked 
| 185|0x00000000cb900000, 0x00000000cb900000, 0x00000000cba00000|  0%| F|  |TAMS 0x00000000cb900000, 0x00000000cb900000| Untracked 
| 186|0x00000000cba00000, 0x00000000cba00000, 0x00000000cbb00000|  0%| F|  |TAMS 0x00000000cba00000, 0x00000000cba00000| Untracked 
| 187|0x00000000cbb00000, 0x00000000cbb00000, 0x00000000cbc00000|  0%| F|  |TAMS 0x00000000cbb00000, 0x00000000cbb00000| Untracked 
| 188|0x00000000cbc00000, 0x00000000cbc00000, 0x00000000cbd00000|  0%| F|  |TAMS 0x00000000cbc00000, 0x00000000cbc00000| Untracked 
| 189|0x00000000cbd00000, 0x00000000cbd00000, 0x00000000cbe00000|  0%| F|  |TAMS 0x00000000cbd00000, 0x00000000cbd00000| Untracked 
| 190|0x00000000cbe00000, 0x00000000cbe95a40, 0x00000000cbf00000| 58%| S|CS|TAMS 0x00000000cbe00000, 0x00000000cbe00000| Complete 
| 191|0x00000000cbf00000, 0x00000000cbf00000, 0x00000000cc000000|  0%| F|  |TAMS 0x00000000cbf00000, 0x00000000cbf00000| Untracked 
| 192|0x00000000cc000000, 0x00000000cc100000, 0x00000000cc100000|100%| S|CS|TAMS 0x00000000cc000000, 0x00000000cc000000| Complete 
| 193|0x00000000cc100000, 0x00000000cc100000, 0x00000000cc200000|  0%| F|  |TAMS 0x00000000cc100000, 0x00000000cc100000| Untracked 
| 194|0x00000000cc200000, 0x00000000cc200000, 0x00000000cc300000|  0%| F|  |TAMS 0x00000000cc200000, 0x00000000cc200000| Untracked 
| 195|0x00000000cc300000, 0x00000000cc300000, 0x00000000cc400000|  0%| F|  |TAMS 0x00000000cc300000, 0x00000000cc300000| Untracked 
| 196|0x00000000cc400000, 0x00000000cc400000, 0x00000000cc500000|  0%| F|  |TAMS 0x00000000cc400000, 0x00000000cc400000| Untracked 
| 197|0x00000000cc500000, 0x00000000cc500000, 0x00000000cc600000|  0%| F|  |TAMS 0x00000000cc500000, 0x00000000cc500000| Untracked 
| 198|0x00000000cc600000, 0x00000000cc600000, 0x00000000cc700000|  0%| F|  |TAMS 0x00000000cc600000, 0x00000000cc600000| Untracked 
| 199|0x00000000cc700000, 0x00000000cc700000, 0x00000000cc800000|  0%| F|  |TAMS 0x00000000cc700000, 0x00000000cc700000| Untracked 
| 200|0x00000000cc800000, 0x00000000cc800000, 0x00000000cc900000|  0%| F|  |TAMS 0x00000000cc800000, 0x00000000cc800000| Untracked 
| 201|0x00000000cc900000, 0x00000000cc900000, 0x00000000cca00000|  0%| F|  |TAMS 0x00000000cc900000, 0x00000000cc900000| Untracked 
|1022|0x00000000ffe00000, 0x00000000ffe34000, 0x00000000fff00000| 20%|OA|  |TAMS 0x00000000ffe34000, 0x00000000ffe00000| Untracked 
|1023|0x00000000fff00000, 0x00000000fff6a000, 0x0000000100000000| 41%|CA|  |TAMS 0x00000000fff6a000, 0x00000000fff00000| Untracked 

Card table byte_map: [0x00007f20d3e00000,0x00007f20d4000000] _byte_map_base: 0x00007f20d3800000

Marking Bits (Prev, Next): (CMBitMap*) 0x00007f20f003fd68, (CMBitMap*) 0x00007f20f003fda0
 Prev Bits: [0x00007f20d2c00000, 0x00007f20d3c00000)
 Next Bits: [0x00007f20d1c00000, 0x00007f20d2c00000)

Polling page: 0x00007f20f7e27000

Metaspace:

Usage:
  Non-class:     36,23 MB capacity,    35,04 MB ( 97%) used,     1,12 MB (  3%) free+waste,    74,06 KB ( <1%) overhead. 
      Class:      4,95 MB capacity,     4,16 MB ( 84%) used,   774,74 KB ( 15%) free+waste,    35,94 KB ( <1%) overhead. 
       Both:     41,18 MB capacity,    39,20 MB ( 95%) used,     1,88 MB (  5%) free+waste,   110,00 KB ( <1%) overhead. 

Virtual space:
  Non-class space:       38,00 MB reserved,      36,42 MB ( 96%) committed 
      Class space:        1,00 GB reserved,       5,00 MB ( <1%) committed 
             Both:        1,04 GB reserved,      41,42 MB (  4%) committed 

Chunk freelists:
   Non-Class:  88,00 KB
       Class:  19,00 KB
        Both:  107,00 KB

CodeHeap 'non-profiled nmethods': size=120032Kb used=2664Kb max_used=2664Kb free=117367Kb
 bounds [0x00007f20e0218000, 0x00007f20e04b8000, 0x00007f20e7750000]
CodeHeap 'profiled nmethods': size=120032Kb used=11828Kb max_used=11828Kb free=108203Kb
 bounds [0x00007f20d8ce0000, 0x00007f20d9880000, 0x00007f20e0218000]
CodeHeap 'non-nmethods': size=5696Kb used=1260Kb max_used=1313Kb free=4435Kb
 bounds [0x00007f20d8750000, 0x00007f20d89c0000, 0x00007f20d8ce0000]
 total_blobs=7160 nmethods=5114 adapters=547
 compilation: enabled
              stopped_count=0, restarted_count=0
 full_count=0

Compilation events (10 events):
Event: 73,655 Thread 0x00007f20f012c800 nmethod 5566 0x00007f20d9870790 code [0x00007f20d9870a40, 0x00007f20d9871478]
Event: 74,108 Thread 0x00007f20f012c800 5574 %     3       sun.security.ssl.SSLSocketInputRecord::read @ 3 (107 bytes)
Event: 74,195 Thread 0x00007f20f012c800 nmethod 5574% 0x00007f20d9871990 code [0x00007f20d9871b60, 0x00007f20d9871f48]
Event: 74,195 Thread 0x00007f20f012c800 5570       2       java.util.TaskQueue::fixDown (108 bytes)
Event: 74,196 Thread 0x00007f20f012c800 nmethod 5570 0x00007f20d9872090 code [0x00007f20d9872280, 0x00007f20d9872730]
Event: 74,196 Thread 0x00007f20f012c800 5569       2       java.lang.AbstractStringBuilder::append (60 bytes)
Event: 74,331 Thread 0x00007f20f012c800 nmethod 5569 0x00007f20d9872990 code [0x00007f20d9872b60, 0x00007f20d9872dd8]
Event: 74,331 Thread 0x00007f20f012c800 5573       2       java.lang.StringBuilder::append (8 bytes)
Event: 74,332 Thread 0x00007f20f012c800 nmethod 5573 0x00007f20d9872f10 code [0x00007f20d98730c0, 0x00007f20d9873268]
Event: 76,866 Thread 0x00007f20f012c800 5576 %     3       java.lang.ThreadLocal$ThreadLocalMap::getEntryAfterMiss @ 11 (63 bytes)

GC Heap History (10 events):
Event: 69,303 GC heap after
{Heap after GC invocations=33 (full 0):
 garbage-first heap   total 208896K, used 74861K [0x00000000c0000000, 0x0000000100000000)
  region size 1024K, 5 young (5120K), 5 survivors (5120K)
 Metaspace       used 40135K, capacity 42173K, committed 42416K, reserved 1087488K
  class space    used 4258K, capacity 5069K, committed 5120K, reserved 1048576K
}
Event: 72,215 GC heap before
{Heap before GC invocations=33 (full 0):
 garbage-first heap   total 208896K, used 78957K [0x00000000c0000000, 0x0000000100000000)
  region size 1024K, 10 young (10240K), 5 survivors (5120K)
 Metaspace       used 40135K, capacity 42173K, committed 42416K, reserved 1087488K
  class space    used 4258K, capacity 5069K, committed 5120K, reserved 1048576K
}
Event: 73,288 GC heap after
{Heap after GC invocations=34 (full 0):
 garbage-first heap   total 208896K, used 75400K [0x00000000c0000000, 0x0000000100000000)
  region size 1024K, 1 young (1024K), 1 survivors (1024K)
 Metaspace       used 40135K, capacity 42173K, committed 42416K, reserved 1087488K
  class space    used 4258K, capacity 5069K, committed 5120K, reserved 1048576K
}
Event: 73,529 GC heap before
{Heap before GC invocations=34 (full 0):
 garbage-first heap   total 208896K, used 83592K [0x00000000c0000000, 0x0000000100000000)
  region size 1024K, 10 young (10240K), 1 survivors (1024K)
 Metaspace       used 40137K, capacity 42173K, committed 42416K, reserved 1087488K
  class space    used 4258K, capacity 5069K, committed 5120K, reserved 1048576K
}
Event: 73,654 GC heap after
{Heap after GC invocations=35 (full 0):
 garbage-first heap   total 208896K, used 75502K [0x00000000c0000000, 0x0000000100000000)
  region size 1024K, 1 young (1024K), 1 survivors (1024K)
 Metaspace       used 40137K, capacity 42173K, committed 42416K, reserved 1087488K
  class space    used 4258K, capacity 5069K, committed 5120K, reserved 1048576K
}
Event: 74,178 GC heap before
{Heap before GC invocations=35 (full 0):
 garbage-first heap   total 208896K, used 83694K [0x00000000c0000000, 0x0000000100000000)
  region size 1024K, 10 young (10240K), 1 survivors (1024K)
 Metaspace       used 40137K, capacity 42173K, committed 42416K, reserved 1087488K
  class space    used 4258K, capacity 5069K, committed 5120K, reserved 1048576K
}
Event: 74,194 GC heap after
{Heap after GC invocations=36 (full 0):
 garbage-first heap   total 208896K, used 75911K [0x00000000c0000000, 0x0000000100000000)
  region size 1024K, 2 young (2048K), 2 survivors (2048K)
 Metaspace       used 40137K, capacity 42173K, committed 42416K, reserved 1087488K
  class space    used 4258K, capacity 5069K, committed 5120K, reserved 1048576K
}
Event: 76,015 GC heap before
{Heap before GC invocations=36 (full 0):
 garbage-first heap   total 208896K, used 83079K [0x00000000c0000000, 0x0000000100000000)
  region size 1024K, 10 young (10240K), 2 survivors (2048K)
 Metaspace       used 40138K, capacity 42173K, committed 42416K, reserved 1087488K
  class space    used 4258K, capacity 5069K, committed 5120K, reserved 1048576K
}
Event: 76,283 GC heap after
{Heap after GC invocations=37 (full 0):
 garbage-first heap   total 208896K, used 76666K [0x00000000c0000000, 0x0000000100000000)
  region size 1024K, 2 young (2048K), 2 survivors (2048K)
 Metaspace       used 40138K, capacity 42173K, committed 42416K, reserved 1087488K
  class space    used 4258K, capacity 5069K, committed 5120K, reserved 1048576K
}
Event: 77,076 GC heap before
{Heap before GC invocations=37 (full 0):
 garbage-first heap   total 208896K, used 83834K [0x00000000c0000000, 0x0000000100000000)
  region size 1024K, 10 young (10240K), 2 survivors (2048K)
 Metaspace       used 40138K, capacity 42173K, committed 42416K, reserved 1087488K
  class space    used 4258K, capacity 5069K, committed 5120K, reserved 1048576K
}

Deoptimization events (10 events):
Event: 56,122 Thread 0x00007f20783c3000 Uncommon trap: trap_request=0xffffff4d fr.pc=0x00007f20e043ac40 relative=0x00000000000019a0
Event: 56,122 Thread 0x00007f20783c3000 Uncommon trap: reason=unstable_if action=reinterpret pc=0x00007f20e043ac40 method=org.eclipse.jdt.internal.compiler.classfmt.MethodInfo.decodeLocalVariableAttribute(II)V @ 14 c2
Event: 56,122 Thread 0x00007f20783c3000 DEOPT PACKING pc=0x00007f20e043ac40 sp=0x00007f20c81e7eb0
Event: 56,122 Thread 0x00007f20783c3000 DEOPT UNPACKING pc=0x00007f20d87784a5 sp=0x00007f20c81e7dc0 mode 2
Event: 56,200 Thread 0x00007f20783c3000 DEOPT PACKING pc=0x00007f20d9706893 sp=0x00007f20c81e7fb0
Event: 57,109 Thread 0x00007f20783c3000 DEOPT UNPACKING pc=0x00007f20d87782ba sp=0x00007f20c81e7580 mode 0
Event: 59,406 Thread 0x00007f20783c3000 Uncommon trap: trap_request=0xfffffff4 fr.pc=0x00007f20e0485d10 relative=0x0000000000009f70
Event: 59,406 Thread 0x00007f20783c3000 Uncommon trap: reason=null_check action=make_not_entrant pc=0x00007f20e0485d10 method=org.eclipse.jdt.internal.core.search.indexing.BinaryIndexer.indexDocument()V @ 521 c2
Event: 59,406 Thread 0x00007f20783c3000 DEOPT PACKING pc=0x00007f20e0485d10 sp=0x00007f20c81e8160
Event: 59,406 Thread 0x00007f20783c3000 DEOPT UNPACKING pc=0x00007f20d87784a5 sp=0x00007f20c81e8118 mode 2

Classes redefined (0 events):
No events

Internal exceptions (10 events):
Event: 34,086 Thread 0x00007f206000b800 Exception <a 'java/lang/NoSuchMethodError'{0x00000000c36a3ce8}: 'java.lang.Object java.lang.invoke.DirectMethodHandle$Holder.invokeStatic(java.lang.Object, java.lang.Object, java.lang.Object, int, java.lang.Object)'> (0x00000000c36a3ce8) thrown at [/build
Event: 34,090 Thread 0x000055d2cb93f800 Exception <a 'java/lang/NoSuchMethodError'{0x00000000c36af808}: 'java.lang.Object java.lang.invoke.Invokers$Holder.linkToTargetMethod(java.lang.Object, java.lang.Object, int, java.lang.Object, java.lang.Object)'> (0x00000000c36af808) thrown at [/build/ope
Event: 34,096 Thread 0x00007f206000b800 Exception <a 'java/lang/NoSuchMethodError'{0x00000000c36a7958}: 'java.lang.Object java.lang.invoke.DirectMethodHandle$Holder.invokeSpecial(java.lang.Object, java.lang.Object, java.lang.Object, java.lang.Object, int, java.lang.Object)'> (0x00000000c36a7958
Event: 34,144 Thread 0x00007f206000b800 Exception <a 'java/lang/NoSuchMethodError'{0x00000000c36ebf08}: 'java.lang.Object java.lang.invoke.Invokers$Holder.linkToTargetMethod(java.lang.Object, java.lang.Object, int, java.lang.Object, java.lang.Object)'> (0x00000000c36ebf08) thrown at [/build/ope
Event: 37,184 Thread 0x00007f20f036c800 Exception <a 'java/lang/NoClassDefFoundError'{0x00000000c52c2f30}: com/google/inject/servlet/ServletModuleTargetVisitor> (0x00000000c52c2f30) thrown at [/build/openjdk-lts-7bqZff/openjdk-lts-11.0.4+11/src/hotspot/share/classfile/systemDictionary.cpp, line
Event: 37,185 Thread 0x00007f20f036c800 Exception <a 'java/lang/NoClassDefFoundError'{0x00000000c52c8278}: javax/annotation/Priority> (0x00000000c52c8278) thrown at [/build/openjdk-lts-7bqZff/openjdk-lts-11.0.4+11/src/hotspot/share/classfile/systemDictionary.cpp, line 220]
Event: 41,516 Thread 0x00007f20f036c800 Exception <a 'java/lang/ClassNotFoundException'{0x00000000c4d51368}: com/sun/org/apache/xml/internal/serializer/spi/XMLEntitiesProvider> (0x00000000c4d51368) thrown at [/build/openjdk-lts-7bqZff/openjdk-lts-11.0.4+11/src/hotspot/share/classfile/systemDict
Event: 41,648 Thread 0x00007f20783c3000 Implicit null exception at 0x00007f20e03d99df to 0x00007f20e03d9b0a
Event: 45,880 Thread 0x00007f2058006000 Exception <a 'java/io/FileNotFoundException'{0x00000000c9e903b8}> (0x00000000c9e903b8) thrown at [/build/openjdk-lts-7bqZff/openjdk-lts-11.0.4+11/src/hotspot/share/prims/jni.cpp, line 615]
Event: 59,406 Thread 0x00007f20783c3000 Implicit null exception at 0x00007f20e047dbbe to 0x00007f20e0485ce2

Events (10 events):
Event: 73,338 Executing VM operation: RevokeBias
Event: 73,392 Executing VM operation: RevokeBias done
Event: 73,392 Thread 0x00007f20f022f800 Thread exited: 0x00007f20f022f800
Event: 73,497 Executing VM operation: G1CollectForAllocation
Event: 73,655 Executing VM operation: G1CollectForAllocation done
Event: 74,143 Executing VM operation: G1CollectForAllocation
Event: 74,194 Executing VM operation: G1CollectForAllocation done
Event: 74,539 Executing VM operation: G1CollectForAllocation
Event: 76,283 Executing VM operation: G1CollectForAllocation done
Event: 76,915 Executing VM operation: G1CollectForAllocation


Dynamic libraries:
c0000000-cca00000 rw-p 00000000 00:00 0 
e1200000-ffe00000 ---p 00000000 00:00 0 
ffe00000-ffe34000 rw-p 01116000 08:07 11278908                           /usr/lib/jvm/java-11-openjdk-amd64/lib/server/classes.jsa
ffe34000-fff00000 rw-p 00000000 00:00 0 
fff00000-fff6a000 rw-p 010ac000 08:07 11278908                           /usr/lib/jvm/java-11-openjdk-amd64/lib/server/classes.jsa
fff6a000-100000000 rw-p 00000000 00:00 0 
800000000-800002000 rwxp 00001000 08:07 11278908                         /usr/lib/jvm/java-11-openjdk-amd64/lib/server/classes.jsa
800002000-8003bd000 rw-p 00003000 08:07 11278908                         /usr/lib/jvm/java-11-openjdk-amd64/lib/server/classes.jsa
8003bd000-800a98000 r--p 003be000 08:07 11278908                         /usr/lib/jvm/java-11-openjdk-amd64/lib/server/classes.jsa
800a98000-800a99000 rw-p 00a99000 08:07 11278908                         /usr/lib/jvm/java-11-openjdk-amd64/lib/server/classes.jsa
800a99000-8010ab000 r--p 00a9a000 08:07 11278908                         /usr/lib/jvm/java-11-openjdk-amd64/lib/server/classes.jsa
840000000-840500000 rw-p 00000000 00:00 0 
840500000-880000000 ---p 00000000 00:00 0 
55d2cb144000-55d2cb145000 r-xp 00000000 08:07 7218046                    /usr/lib/jvm/java-11-openjdk-amd64/bin/java
55d2cb345000-55d2cb346000 r--p 00001000 08:07 7218046                    /usr/lib/jvm/java-11-openjdk-amd64/bin/java
55d2cb346000-55d2cb347000 rw-p 00002000 08:07 7218046                    /usr/lib/jvm/java-11-openjdk-amd64/bin/java
55d2cb926000-55d2cb96b000 rw-p 00000000 00:00 0                          [heap]
7f204b956000-7f2054000000 r--s 00000000 08:07 11278771                   /usr/lib/jvm/java-11-openjdk-amd64/lib/modules
7f2054000000-7f2054177000 rw-p 00000000 00:00 0 
7f2054177000-7f2058000000 ---p 00000000 00:00 0 
7f2058000000-7f2058061000 rw-p 00000000 00:00 0 
7f2058061000-7f205c000000 ---p 00000000 00:00 0 
7f205c000000-7f205c07c000 rw-p 00000000 00:00 0 
7f205c07c000-7f2060000000 ---p 00000000 00:00 0 
7f2060000000-7f2060064000 rw-p 00000000 00:00 0 
7f2060064000-7f2064000000 ---p 00000000 00:00 0 
7f2064c9a000-7f2064d1a000 rw-p 00000000 00:00 0 
7f2064d1a000-7f2064e9e000 ---p 00000000 00:00 0 
7f2064e9e000-7f206519b000 rw-p 00000000 00:00 0 
7f206519b000-7f206519f000 ---p 00000000 00:00 0 
7f206519f000-7f206529c000 rw-p 00000000 00:00 0 
7f206529c000-7f20652a0000 ---p 00000000 00:00 0 
7f20652a0000-7f206539d000 rw-p 00000000 00:00 0 
7f206539d000-7f20653a1000 ---p 00000000 00:00 0 
7f20653a1000-7f206549e000 rw-p 00000000 00:00 0 
7f206549e000-7f20654a2000 ---p 00000000 00:00 0 
7f20654a2000-7f206579f000 rw-p 00000000 00:00 0 
7f206579f000-7f20657a3000 ---p 00000000 00:00 0 
7f20657a3000-7f2065aa0000 rw-p 00000000 00:00 0 
7f2065aa0000-7f2065ca0000 rw-p 00000000 00:00 0 
7f2065ca0000-7f2065ca4000 ---p 00000000 00:00 0 
7f2065ca4000-7f2065da1000 rw-p 00000000 00:00 0 
7f2065da1000-7f2065da5000 ---p 00000000 00:00 0 
7f2065da5000-7f2065ea2000 rw-p 00000000 00:00 0 
7f2065ea2000-7f2065eb9000 r-xp 00000000 08:07 267375                     /lib/x86_64-linux-gnu/libresolv-2.27.so
7f2065eb9000-7f20660b9000 ---p 00017000 08:07 267375                     /lib/x86_64-linux-gnu/libresolv-2.27.so
7f20660b9000-7f20660ba000 r--p 00017000 08:07 267375                     /lib/x86_64-linux-gnu/libresolv-2.27.so
7f20660ba000-7f20660bb000 rw-p 00018000 08:07 267375                     /lib/x86_64-linux-gnu/libresolv-2.27.so
7f20660bb000-7f20660bd000 rw-p 00000000 00:00 0 
7f20660bd000-7f20660c2000 r-xp 00000000 08:07 267324                     /lib/x86_64-linux-gnu/libnss_dns-2.27.so
7f20660c2000-7f20662c2000 ---p 00005000 08:07 267324                     /lib/x86_64-linux-gnu/libnss_dns-2.27.so
7f20662c2000-7f20662c3000 r--p 00005000 08:07 267324                     /lib/x86_64-linux-gnu/libnss_dns-2.27.so
7f20662c3000-7f20662c4000 rw-p 00006000 08:07 267324                     /lib/x86_64-linux-gnu/libnss_dns-2.27.so
7f20662c4000-7f20662c6000 r-xp 00000000 08:07 267332                     /lib/x86_64-linux-gnu/libnss_mdns4_minimal.so.2
7f20662c6000-7f20664c5000 ---p 00002000 08:07 267332                     /lib/x86_64-linux-gnu/libnss_mdns4_minimal.so.2
7f20664c5000-7f20664c6000 r--p 00001000 08:07 267332                     /lib/x86_64-linux-gnu/libnss_mdns4_minimal.so.2
7f20664c6000-7f20664c7000 rw-p 00002000 08:07 267332                     /lib/x86_64-linux-gnu/libnss_mdns4_minimal.so.2
7f20664c7000-7f20666c7000 rw-p 00000000 00:00 0 
7f20666c7000-7f20666c9000 r-xp 00000000 08:07 11278734                   /usr/lib/jvm/java-11-openjdk-amd64/lib/libextnet.so
7f20666c9000-7f20668c8000 ---p 00002000 08:07 11278734                   /usr/lib/jvm/java-11-openjdk-amd64/lib/libextnet.so
7f20668c8000-7f20668c9000 r--p 00001000 08:07 11278734                   /usr/lib/jvm/java-11-openjdk-amd64/lib/libextnet.so
7f20668c9000-7f20668ca000 rw-p 00002000 08:07 11278734                   /usr/lib/jvm/java-11-openjdk-amd64/lib/libextnet.so
7f20668ca000-7f2066aca000 rw-p 00000000 00:00 0 
7f2066aca000-7f2066cca000 rw-p 00000000 00:00 0 
7f2066cca000-7f2066eca000 rw-p 00000000 00:00 0 
7f2066eca000-7f2066ef4000 r-xp 00000000 08:07 11278767                   /usr/lib/jvm/java-11-openjdk-amd64/lib/libsunec.so
7f2066ef4000-7f20670f3000 ---p 0002a000 08:07 11278767                   /usr/lib/jvm/java-11-openjdk-amd64/lib/libsunec.so
7f20670f3000-7f20670f7000 r--p 00029000 08:07 11278767                   /usr/lib/jvm/java-11-openjdk-amd64/lib/libsunec.so
7f20670f7000-7f20670f9000 rw-p 0002d000 08:07 11278767                   /usr/lib/jvm/java-11-openjdk-amd64/lib/libsunec.so
7f20670f9000-7f20670fd000 ---p 00000000 00:00 0 
7f20670fd000-7f20671fa000 rw-p 00000000 00:00 0 
7f20671fa000-7f20671fe000 ---p 00000000 00:00 0 
7f20671fe000-7f20672fb000 rw-p 00000000 00:00 0 
7f20672fb000-7f20672ff000 ---p 00000000 00:00 0 
7f20672ff000-7f20673fc000 rw-p 00000000 00:00 0 
7f20673fc000-7f2067400000 ---p 00000000 00:00 0 
7f2067400000-7f20676e9000 rw-p 00000000 00:00 0 
7f20676e9000-7f20676fd000 ---p 00000000 00:00 0 
7f20676fd000-7f2067701000 ---p 00000000 00:00 0 
7f2067701000-7f20679fe000 rw-p 00000000 00:00 0 
7f20679fe000-7f2067a02000 ---p 00000000 00:00 0 
7f2067a02000-7f2067aff000 rw-p 00000000 00:00 0 
7f2067aff000-7f2067b03000 ---p 00000000 00:00 0 
7f2067b03000-7f2067e00000 rw-p 00000000 00:00 0 
7f2067e00000-7f2068000000 rw-p 00000000 00:00 0 
7f2068000000-7f2068021000 rw-p 00000000 00:00 0 
7f2068021000-7f206c000000 ---p 00000000 00:00 0 
7f206c000000-7f206c1dc000 rw-p 00000000 00:00 0 
7f206c1dc000-7f2070000000 ---p 00000000 00:00 0 
7f2070000000-7f2070021000 rw-p 00000000 00:00 0 
7f2070021000-7f2074000000 ---p 00000000 00:00 0 
7f2074000000-7f2074029000 rw-p 00000000 00:00 0 
7f2074029000-7f2078000000 ---p 00000000 00:00 0 
7f2078000000-7f2078acf000 rw-p 00000000 00:00 0 
7f2078acf000-7f207c000000 ---p 00000000 00:00 0 
7f207c000000-7f207c021000 rw-p 00000000 00:00 0 
7f207c021000-7f2080000000 ---p 00000000 00:00 0 
7f2080000000-7f20800b4000 rw-p 00000000 00:00 0 
7f20800b4000-7f2084000000 ---p 00000000 00:00 0 
7f2084000000-7f2084021000 rw-p 00000000 00:00 0 
7f2084021000-7f2088000000 ---p 00000000 00:00 0 
7f2088000000-7f2088021000 rw-p 00000000 00:00 0 
7f2088021000-7f208c000000 ---p 00000000 00:00 0 
7f208c000000-7f208c023000 rw-p 00000000 00:00 0 
7f208c023000-7f2090000000 ---p 00000000 00:00 0 
7f2090000000-7f2090021000 rw-p 00000000 00:00 0 
7f2090021000-7f2094000000 ---p 00000000 00:00 0 
7f2094000000-7f2094021000 rw-p 00000000 00:00 0 
7f2094021000-7f2098000000 ---p 00000000 00:00 0 
7f2098000000-7f2098021000 rw-p 00000000 00:00 0 
7f2098021000-7f209c000000 ---p 00000000 00:00 0 
7f209c000000-7f209c021000 rw-p 00000000 00:00 0 
7f209c021000-7f20a0000000 ---p 00000000 00:00 0 
7f20a0000000-7f20a2db1000 rw-p 00000000 00:00 0 
7f20a2db1000-7f20a4000000 ---p 00000000 00:00 0 
7f20a4000000-7f20a448d000 rw-p 00000000 00:00 0 
7f20a448d000-7f20a8000000 ---p 00000000 00:00 0 
7f20a8000000-7f20a8021000 rw-p 00000000 00:00 0 
7f20a8021000-7f20ac000000 ---p 00000000 00:00 0 
7f20ac000000-7f20ac021000 rw-p 00000000 00:00 0 
7f20ac021000-7f20b0000000 ---p 00000000 00:00 0 
7f20b0000000-7f20b0213000 rw-p 00000000 00:00 0 
7f20b0213000-7f20b4000000 ---p 00000000 00:00 0 
7f20b4000000-7f20b4021000 rw-p 00000000 00:00 0 
7f20b4021000-7f20b8000000 ---p 00000000 00:00 0 
7f20b8000000-7f20b8021000 rw-p 00000000 00:00 0 
7f20b8021000-7f20bc000000 ---p 00000000 00:00 0 
7f20bc000000-7f20bc416000 rw-p 00000000 00:00 0 
7f20bc416000-7f20c0000000 ---p 00000000 00:00 0 
7f20c0000000-7f20c0021000 rw-p 00000000 00:00 0 
7f20c0021000-7f20c4000000 ---p 00000000 00:00 0 
7f20c4000000-7f20c4042000 rw-p 00000000 00:00 0 
7f20c4042000-7f20c8000000 ---p 00000000 00:00 0 
7f20c80e9000-7f20c80ed000 ---p 00000000 00:00 0 
7f20c80ed000-7f20c81ea000 rw-p 00000000 00:00 0 
7f20c81ea000-7f20c81ee000 ---p 00000000 00:00 0 
7f20c81ee000-7f20c82eb000 rw-p 00000000 00:00 0 
7f20c82eb000-7f20c82ef000 ---p 00000000 00:00 0 
7f20c82ef000-7f20c85ec000 rw-p 00000000 00:00 0 
7f20c85ec000-7f20c85ed000 ---p 00000000 00:00 0 
7f20c85ed000-7f20c86ee000 rw-p 00000000 00:00 0 
7f20c86ee000-7f20c86ef000 ---p 00000000 00:00 0 
7f20c86ef000-7f20c87f0000 rw-p 00000000 00:00 0 
7f20c87f0000-7f20c87f1000 ---p 00000000 00:00 0 
7f20c87f1000-7f20c88f2000 rw-p 00000000 00:00 0 
7f20c88f2000-7f20c88f6000 ---p 00000000 00:00 0 
7f20c88f6000-7f20c8bf3000 rw-p 00000000 00:00 0 
7f20c8bf3000-7f20c8c03000 r-xp 00000000 08:07 12198266                   /home/mbouopda/.vscode/extensions/redhat.java-0.54.2/server/config_linux/org.eclipse.equinox.launcher/org.eclipse.equinox.launcher.gtk.linux.x86_64_1.1.1100.v20190907-0426/eclipse_1801.so
7f20c8c03000-7f20c8e02000 ---p 00010000 08:07 12198266                   /home/mbouopda/.vscode/extensions/redhat.java-0.54.2/server/config_linux/org.eclipse.equinox.launcher/org.eclipse.equinox.launcher.gtk.linux.x86_64_1.1.1100.v20190907-0426/eclipse_1801.so
7f20c8e02000-7f20c8e03000 r--p 0000f000 08:07 12198266                   /home/mbouopda/.vscode/extensions/redhat.java-0.54.2/server/config_linux/org.eclipse.equinox.launcher/org.eclipse.equinox.launcher.gtk.linux.x86_64_1.1.1100.v20190907-0426/eclipse_1801.so
7f20c8e03000-7f20c8e04000 rw-p 00010000 08:07 12198266                   /home/mbouopda/.vscode/extensions/redhat.java-0.54.2/server/config_linux/org.eclipse.equinox.launcher/org.eclipse.equinox.launcher.gtk.linux.x86_64_1.1.1100.v20190907-0426/eclipse_1801.so
7f20c8e04000-7f20c8e08000 ---p 00000000 00:00 0 
7f20c8e08000-7f20c8f05000 rw-p 00000000 00:00 0 
7f20c8f05000-7f20c8f09000 ---p 00000000 00:00 0 
7f20c8f09000-7f20c9006000 rw-p 00000000 00:00 0 
7f20c9006000-7f20c900a000 ---p 00000000 00:00 0 
7f20c900a000-7f20c9107000 rw-p 00000000 00:00 0 
7f20c9107000-7f20c9108000 ---p 00000000 00:00 0 
7f20c9108000-7f20c9209000 rw-p 00000000 00:00 0 
7f20c9209000-7f20c921f000 r-xp 00000000 08:07 11278761                   /usr/lib/jvm/java-11-openjdk-amd64/lib/libnet.so
7f20c921f000-7f20c941e000 ---p 00016000 08:07 11278761                   /usr/lib/jvm/java-11-openjdk-amd64/lib/libnet.so
7f20c941e000-7f20c941f000 r--p 00015000 08:07 11278761                   /usr/lib/jvm/java-11-openjdk-amd64/lib/libnet.so
7f20c941f000-7f20c9420000 rw-p 00016000 08:07 11278761                   /usr/lib/jvm/java-11-openjdk-amd64/lib/libnet.so
7f20c9420000-7f20c9430000 r-xp 00000000 08:07 11278762                   /usr/lib/jvm/java-11-openjdk-amd64/lib/libnio.so
7f20c9430000-7f20c962f000 ---p 00010000 08:07 11278762                   /usr/lib/jvm/java-11-openjdk-amd64/lib/libnio.so
7f20c962f000-7f20c9630000 r--p 0000f000 08:07 11278762                   /usr/lib/jvm/java-11-openjdk-amd64/lib/libnio.so
7f20c9630000-7f20c9631000 rw-p 00010000 08:07 11278762                   /usr/lib/jvm/java-11-openjdk-amd64/lib/libnio.so
7f20c9631000-7f20ca000000 r--p 00000000 08:07 6953574                    /usr/lib/locale/locale-archive
7f20ca000000-7f20cc000000 rw-p 00000000 00:00 0 
7f20cc000000-7f20cc021000 rw-p 00000000 00:00 0 
7f20cc021000-7f20d0000000 ---p 00000000 00:00 0 
7f20d0065000-7f20d0066000 ---p 00000000 00:00 0 
7f20d0066000-7f20d0167000 rw-p 00000000 00:00 0 
7f20d0167000-7f20d016b000 ---p 00000000 00:00 0 
7f20d016b000-7f20d0268000 rw-p 00000000 00:00 0 
7f20d0268000-7f20d026c000 ---p 00000000 00:00 0 
7f20d026c000-7f20d0369000 rw-p 00000000 00:00 0 
7f20d0369000-7f20d036d000 ---p 00000000 00:00 0 
7f20d036d000-7f20d046a000 rw-p 00000000 00:00 0 
7f20d046a000-7f20d046e000 ---p 00000000 00:00 0 
7f20d046e000-7f20d056b000 rw-p 00000000 00:00 0 
7f20d056b000-7f20d056f000 ---p 00000000 00:00 0 
7f20d056f000-7f20d066c000 rw-p 00000000 00:00 0 
7f20d066c000-7f20d0670000 ---p 00000000 00:00 0 
7f20d0670000-7f20d076d000 rw-p 00000000 00:00 0 
7f20d076d000-7f20d0771000 ---p 00000000 00:00 0 
7f20d0771000-7f20d086e000 rw-p 00000000 00:00 0 
7f20d086e000-7f20d0872000 ---p 00000000 00:00 0 
7f20d0872000-7f20d096f000 rw-p 00000000 00:00 0 
7f20d096f000-7f20d0970000 ---p 00000000 00:00 0 
7f20d0970000-7f20d12f2000 rw-p 00000000 00:00 0 
7f20d12f2000-7f20d12f3000 ---p 00000000 00:00 0 
7f20d12f3000-7f20d13f4000 rw-p 00000000 00:00 0 
7f20d13f4000-7f20d13f5000 ---p 00000000 00:00 0 
7f20d13f5000-7f20d14f6000 rw-p 00000000 00:00 0 
7f20d14f6000-7f20d14f7000 ---p 00000000 00:00 0 
7f20d14f7000-7f20d19fc000 rw-p 00000000 00:00 0 
7f20d19fc000-7f20d19fd000 ---p 00000000 00:00 0 
7f20d19fd000-7f20d1afe000 rw-p 00000000 00:00 0 
7f20d1afe000-7f20d1aff000 ---p 00000000 00:00 0 
7f20d1aff000-7f20d1f28000 rw-p 00000000 00:00 0 
7f20d1f28000-7f20d2bf8000 ---p 00000000 00:00 0 
7f20d2bf8000-7f20d2f28000 rw-p 00000000 00:00 0 
7f20d2f28000-7f20d3bf8000 ---p 00000000 00:00 0 
7f20d3bf8000-7f20d3c65000 rw-p 00000000 00:00 0 
7f20d3c65000-7f20d3dff000 ---p 00000000 00:00 0 
7f20d3dff000-7f20d3e65000 rw-p 00000000 00:00 0 
7f20d3e65000-7f20d3fff000 ---p 00000000 00:00 0 
7f20d3fff000-7f20d4000000 rw-p 00000000 00:00 0 
7f20d4000000-7f20d4031000 rw-p 00000000 00:00 0 
7f20d4031000-7f20d8000000 ---p 00000000 00:00 0 
7f20d804a000-7f20d80af000 rw-p 00000000 00:00 0 
7f20d80af000-7f20d8249000 ---p 00000000 00:00 0 
7f20d8249000-7f20d864e000 rw-p 00000000 00:00 0 
7f20d864e000-7f20d864f000 ---p 00000000 00:00 0 
7f20d864f000-7f20d8750000 rw-p 00000000 00:00 0 
7f20d8750000-7f20d89c0000 rwxp 00000000 00:00 0 
7f20d89c0000-7f20d8ce0000 ---p 00000000 00:00 0 
7f20d8ce0000-7f20d9880000 rwxp 00000000 00:00 0 
7f20d9880000-7f20e0218000 ---p 00000000 00:00 0 
7f20e0218000-7f20e04b8000 rwxp 00000000 00:00 0 
7f20e04b8000-7f20e7750000 ---p 00000000 00:00 0 
7f20e7750000-7f20efdfa000 r--s 00000000 08:07 11278771                   /usr/lib/jvm/java-11-openjdk-amd64/lib/modules
7f20efdfa000-7f20efdff000 r-xp 00000000 08:07 11278753                   /usr/lib/jvm/java-11-openjdk-amd64/lib/libjimage.so
7f20efdff000-7f20efffe000 ---p 00005000 08:07 11278753                   /usr/lib/jvm/java-11-openjdk-amd64/lib/libjimage.so
7f20efffe000-7f20effff000 r--p 00004000 08:07 11278753                   /usr/lib/jvm/java-11-openjdk-amd64/lib/libjimage.so
7f20effff000-7f20f0000000 rw-p 00005000 08:07 11278753                   /usr/lib/jvm/java-11-openjdk-amd64/lib/libjimage.so
7f20f0000000-7f20f0372000 rw-p 00000000 00:00 0 
7f20f0372000-7f20f4000000 ---p 00000000 00:00 0 
7f20f400a000-7f20f4010000 rw-p 00000000 00:00 0 
7f20f4010000-7f20f40f5000 ---p 00000000 00:00 0 
7f20f40f5000-7f20f410d000 rw-p 00000000 00:00 0 
7f20f410d000-7f20f41e0000 ---p 00000000 00:00 0 
7f20f41e0000-7f20f41e7000 r-xp 00000000 08:07 11278770                   /usr/lib/jvm/java-11-openjdk-amd64/lib/libzip.so
7f20f41e7000-7f20f43e6000 ---p 00007000 08:07 11278770                   /usr/lib/jvm/java-11-openjdk-amd64/lib/libzip.so
7f20f43e6000-7f20f43e7000 r--p 00006000 08:07 11278770                   /usr/lib/jvm/java-11-openjdk-amd64/lib/libzip.so
7f20f43e7000-7f20f43e8000 rw-p 00007000 08:07 11278770                   /usr/lib/jvm/java-11-openjdk-amd64/lib/libzip.so
7f20f43e8000-7f20f43f3000 r-xp 00000000 08:07 267326                     /lib/x86_64-linux-gnu/libnss_files-2.27.so
7f20f43f3000-7f20f45f2000 ---p 0000b000 08:07 267326                     /lib/x86_64-linux-gnu/libnss_files-2.27.so
7f20f45f2000-7f20f45f3000 r--p 0000a000 08:07 267326                     /lib/x86_64-linux-gnu/libnss_files-2.27.so
7f20f45f3000-7f20f45f4000 rw-p 0000b000 08:07 267326                     /lib/x86_64-linux-gnu/libnss_files-2.27.so
7f20f45f4000-7f20f45fa000 rw-p 00000000 00:00 0 
7f20f45fa000-7f20f4611000 r-xp 00000000 08:07 267320                     /lib/x86_64-linux-gnu/libnsl-2.27.so
7f20f4611000-7f20f4810000 ---p 00017000 08:07 267320                     /lib/x86_64-linux-gnu/libnsl-2.27.so
7f20f4810000-7f20f4811000 r--p 00016000 08:07 267320                     /lib/x86_64-linux-gnu/libnsl-2.27.so
7f20f4811000-7f20f4812000 rw-p 00017000 08:07 267320                     /lib/x86_64-linux-gnu/libnsl-2.27.so
7f20f4812000-7f20f4814000 rw-p 00000000 00:00 0 
7f20f4814000-7f20f481f000 r-xp 00000000 08:07 267337                     /lib/x86_64-linux-gnu/libnss_nis-2.27.so
7f20f481f000-7f20f4a1e000 ---p 0000b000 08:07 267337                     /lib/x86_64-linux-gnu/libnss_nis-2.27.so
7f20f4a1e000-7f20f4a1f000 r--p 0000a000 08:07 267337                     /lib/x86_64-linux-gnu/libnss_nis-2.27.so
7f20f4a1f000-7f20f4a20000 rw-p 0000b000 08:07 267337                     /lib/x86_64-linux-gnu/libnss_nis-2.27.so
7f20f4a20000-7f20f4a28000 r-xp 00000000 08:07 267322                     /lib/x86_64-linux-gnu/libnss_compat-2.27.so
7f20f4a28000-7f20f4c28000 ---p 00008000 08:07 267322                     /lib/x86_64-linux-gnu/libnss_compat-2.27.so
7f20f4c28000-7f20f4c29000 r--p 00008000 08:07 267322                     /lib/x86_64-linux-gnu/libnss_compat-2.27.so
7f20f4c29000-7f20f4c2a000 rw-p 00009000 08:07 267322                     /lib/x86_64-linux-gnu/libnss_compat-2.27.so
7f20f4c2a000-7f20f4c53000 r-xp 00000000 08:07 11278741                   /usr/lib/jvm/java-11-openjdk-amd64/lib/libjava.so
7f20f4c53000-7f20f4e52000 ---p 00029000 08:07 11278741                   /usr/lib/jvm/java-11-openjdk-amd64/lib/libjava.so
7f20f4e52000-7f20f4e53000 r--p 00028000 08:07 11278741                   /usr/lib/jvm/java-11-openjdk-amd64/lib/libjava.so
7f20f4e53000-7f20f4e55000 rw-p 00029000 08:07 11278741                   /usr/lib/jvm/java-11-openjdk-amd64/lib/libjava.so
7f20f4e55000-7f20f4e62000 r-xp 00000000 08:07 11278769                   /usr/lib/jvm/java-11-openjdk-amd64/lib/libverify.so
7f20f4e62000-7f20f5061000 ---p 0000d000 08:07 11278769                   /usr/lib/jvm/java-11-openjdk-amd64/lib/libverify.so
7f20f5061000-7f20f5063000 r--p 0000c000 08:07 11278769                   /usr/lib/jvm/java-11-openjdk-amd64/lib/libverify.so
7f20f5063000-7f20f5064000 rw-p 0000e000 08:07 11278769                   /usr/lib/jvm/java-11-openjdk-amd64/lib/libverify.so
7f20f5064000-7f20f506b000 r-xp 00000000 08:07 267377                     /lib/x86_64-linux-gnu/librt-2.27.so
7f20f506b000-7f20f526a000 ---p 00007000 08:07 267377                     /lib/x86_64-linux-gnu/librt-2.27.so
7f20f526a000-7f20f526b000 r--p 00006000 08:07 267377                     /lib/x86_64-linux-gnu/librt-2.27.so
7f20f526b000-7f20f526c000 rw-p 00007000 08:07 267377                     /lib/x86_64-linux-gnu/librt-2.27.so
7f20f526c000-7f20f5283000 r-xp 00000000 08:07 267273                     /lib/x86_64-linux-gnu/libgcc_s.so.1
7f20f5283000-7f20f5482000 ---p 00017000 08:07 267273                     /lib/x86_64-linux-gnu/libgcc_s.so.1
7f20f5482000-7f20f5483000 r--p 00016000 08:07 267273                     /lib/x86_64-linux-gnu/libgcc_s.so.1
7f20f5483000-7f20f5484000 rw-p 00017000 08:07 267273                     /lib/x86_64-linux-gnu/libgcc_s.so.1
7f20f5484000-7f20f5621000 r-xp 00000000 08:07 267299                     /lib/x86_64-linux-gnu/libm-2.27.so
7f20f5621000-7f20f5820000 ---p 0019d000 08:07 267299                     /lib/x86_64-linux-gnu/libm-2.27.so
7f20f5820000-7f20f5821000 r--p 0019c000 08:07 267299                     /lib/x86_64-linux-gnu/libm-2.27.so
7f20f5821000-7f20f5822000 rw-p 0019d000 08:07 267299                     /lib/x86_64-linux-gnu/libm-2.27.so
7f20f5822000-7f20f599b000 r-xp 00000000 08:07 6955650                    /usr/lib/x86_64-linux-gnu/libstdc++.so.6.0.25
7f20f599b000-7f20f5b9b000 ---p 00179000 08:07 6955650                    /usr/lib/x86_64-linux-gnu/libstdc++.so.6.0.25
7f20f5b9b000-7f20f5ba5000 r--p 00179000 08:07 6955650                    /usr/lib/x86_64-linux-gnu/libstdc++.so.6.0.25
7f20f5ba5000-7f20f5ba7000 rw-p 00183000 08:07 6955650                    /usr/lib/x86_64-linux-gnu/libstdc++.so.6.0.25
7f20f5ba7000-7f20f5bab000 rw-p 00000000 00:00 0 
7f20f5bab000-7f20f6c77000 r-xp 00000000 08:07 11278776                   /usr/lib/jvm/java-11-openjdk-amd64/lib/server/libjvm.so
7f20f6c77000-7f20f6e76000 ---p 010cc000 08:07 11278776                   /usr/lib/jvm/java-11-openjdk-amd64/lib/server/libjvm.so
7f20f6e76000-7f20f6f33000 r--p 010cb000 08:07 11278776                   /usr/lib/jvm/java-11-openjdk-amd64/lib/server/libjvm.so
7f20f6f33000-7f20f6f6c000 rw-p 01188000 08:07 11278776                   /usr/lib/jvm/java-11-openjdk-amd64/lib/server/libjvm.so
7f20f6f6c000-7f20f6fc2000 rw-p 00000000 00:00 0 
7f20f6fc2000-7f20f6fdc000 r-xp 00000000 08:07 267369                     /lib/x86_64-linux-gnu/libpthread-2.27.so
7f20f6fdc000-7f20f71db000 ---p 0001a000 08:07 267369                     /lib/x86_64-linux-gnu/libpthread-2.27.so
7f20f71db000-7f20f71dc000 r--p 00019000 08:07 267369                     /lib/x86_64-linux-gnu/libpthread-2.27.so
7f20f71dc000-7f20f71dd000 rw-p 0001a000 08:07 267369                     /lib/x86_64-linux-gnu/libpthread-2.27.so
7f20f71dd000-7f20f71e1000 rw-p 00000000 00:00 0 
7f20f71e1000-7f20f71e4000 r-xp 00000000 08:07 267259                     /lib/x86_64-linux-gnu/libdl-2.27.so
7f20f71e4000-7f20f73e3000 ---p 00003000 08:07 267259                     /lib/x86_64-linux-gnu/libdl-2.27.so
7f20f73e3000-7f20f73e4000 r--p 00002000 08:07 267259                     /lib/x86_64-linux-gnu/libdl-2.27.so
7f20f73e4000-7f20f73e5000 rw-p 00003000 08:07 267259                     /lib/x86_64-linux-gnu/libdl-2.27.so
7f20f73e5000-7f20f7401000 r-xp 00000000 08:07 267408                     /lib/x86_64-linux-gnu/libz.so.1.2.11
7f20f7401000-7f20f7600000 ---p 0001c000 08:07 267408                     /lib/x86_64-linux-gnu/libz.so.1.2.11
7f20f7600000-7f20f7601000 r--p 0001b000 08:07 267408                     /lib/x86_64-linux-gnu/libz.so.1.2.11
7f20f7601000-7f20f7602000 rw-p 0001c000 08:07 267408                     /lib/x86_64-linux-gnu/libz.so.1.2.11
7f20f7602000-7f20f77e9000 r-xp 00000000 08:07 267236                     /lib/x86_64-linux-gnu/libc-2.27.so
7f20f77e9000-7f20f79e9000 ---p 001e7000 08:07 267236                     /lib/x86_64-linux-gnu/libc-2.27.so
7f20f79e9000-7f20f79ed000 r--p 001e7000 08:07 267236                     /lib/x86_64-linux-gnu/libc-2.27.so
7f20f79ed000-7f20f79ef000 rw-p 001eb000 08:07 267236                     /lib/x86_64-linux-gnu/libc-2.27.so
7f20f79ef000-7f20f79f3000 rw-p 00000000 00:00 0 
7f20f79f3000-7f20f7a03000 r-xp 00000000 08:07 11278725                   /usr/lib/jvm/java-11-openjdk-amd64/lib/jli/libjli.so
7f20f7a03000-7f20f7c02000 ---p 00010000 08:07 11278725                   /usr/lib/jvm/java-11-openjdk-amd64/lib/jli/libjli.so
7f20f7c02000-7f20f7c03000 r--p 0000f000 08:07 11278725                   /usr/lib/jvm/java-11-openjdk-amd64/lib/jli/libjli.so
7f20f7c03000-7f20f7c04000 rw-p 00010000 08:07 11278725                   /usr/lib/jvm/java-11-openjdk-amd64/lib/jli/libjli.so
7f20f7c04000-7f20f7c2b000 r-xp 00000000 08:07 267208                     /lib/x86_64-linux-gnu/ld-2.27.so
7f20f7c65000-7f20f7c69000 ---p 00000000 00:00 0 
7f20f7c69000-7f20f7d0a000 rw-p 00000000 00:00 0 
7f20f7d0a000-7f20f7d11000 ---p 00000000 00:00 0 
7f20f7d11000-7f20f7d15000 ---p 00000000 00:00 0 
7f20f7d15000-7f20f7e14000 rw-p 00000000 00:00 0 
7f20f7e1c000-7f20f7e1d000 r--p 00000000 08:07 7998349                    /usr/share/locale-langpack/en_GB/LC_MESSAGES/libc.mo
7f20f7e1d000-7f20f7e1f000 r--s 00007000 08:07 7347077                    /usr/share/java/java-atk-wrapper.jar
7f20f7e1f000-7f20f7e27000 rw-s 00000000 08:07 9579897                    /tmp/hsperfdata_mbouopda/4741
7f20f7e27000-7f20f7e28000 ---p 00000000 00:00 0 
7f20f7e28000-7f20f7e29000 r--p 00000000 00:00 0 
7f20f7e29000-7f20f7e2b000 rw-p 00000000 00:00 0 
7f20f7e2b000-7f20f7e2c000 r--p 00027000 08:07 267208                     /lib/x86_64-linux-gnu/ld-2.27.so
7f20f7e2c000-7f20f7e2d000 rw-p 00028000 08:07 267208                     /lib/x86_64-linux-gnu/ld-2.27.so
7f20f7e2d000-7f20f7e2e000 rw-p 00000000 00:00 0 
7ffd29ab4000-7ffd29ad6000 rw-p 00000000 00:00 0                          [stack]
7ffd29bf0000-7ffd29bf3000 r--p 00000000 00:00 0                          [vvar]
7ffd29bf3000-7ffd29bf4000 r-xp 00000000 00:00 0                          [vdso]
ffffffffff600000-ffffffffff601000 r-xp 00000000 00:00 0                  [vsyscall]


VM Arguments:
jvm_args: --add-modules=ALL-SYSTEM --add-opens=java.base/java.util=ALL-UNNAMED --add-opens=java.base/java.lang=ALL-UNNAMED -Declipse.application=org.eclipse.jdt.ls.core.id1 -Dosgi.bundles.defaultStartLevel=4 -Declipse.product=org.eclipse.jdt.ls.core.product -Dfile.encoding=utf8 -Xverify:none -Xmx1G -XX:+UseG1GC -XX:+UseStringDeduplication 
java_command: /home/mbouopda/.vscode/extensions/redhat.java-0.54.2/server/plugins/org.eclipse.equinox.launcher_1.5.600.v20191014-2022.jar -configuration /home/mbouopda/.vscode/extensions/redhat.java-0.54.2/server/config_linux -data /home/mbouopda/.config/Code/User/workspaceStorage/a36a1c4ac74645a0d012b23bcf6e8e15/redhat.java/jdt_ws
java_class_path (initial): /home/mbouopda/.vscode/extensions/redhat.java-0.54.2/server/plugins/org.eclipse.equinox.launcher_1.5.600.v20191014-2022.jar
Launcher Type: SUN_STANDARD

[Global flags]
     bool BytecodeVerificationLocal                = false                                     {product} {command line}
     bool BytecodeVerificationRemote               = false                                     {product} {command line}
     intx CICompilerCount                          = 3                                         {product} {ergonomic}
     uint ConcGCThreads                            = 1                                         {product} {ergonomic}
     uint G1ConcRefinementThreads                  = 4                                         {product} {ergonomic}
   size_t G1HeapRegionSize                         = 1048576                                   {product} {ergonomic}
    uintx GCDrainStackTargetSize                   = 64                                        {product} {ergonomic}
   size_t InitialHeapSize                          = 56623104                                  {product} {ergonomic}
   size_t MarkStackSize                            = 4194304                                   {product} {ergonomic}
   size_t MaxHeapSize                              = 1073741824                                {product} {command line}
   size_t MaxNewSize                               = 643825664                                 {product} {ergonomic}
   size_t MinHeapDeltaBytes                        = 1048576                                   {product} {ergonomic}
    uintx NonNMethodCodeHeapSize                   = 5830092                                {pd product} {ergonomic}
    uintx NonProfiledCodeHeapSize                  = 122914074                              {pd product} {ergonomic}
    uintx ProfiledCodeHeapSize                     = 122914074                              {pd product} {ergonomic}
    uintx ReservedCodeCacheSize                    = 251658240                              {pd product} {ergonomic}
     bool SegmentedCodeCache                       = true                                      {product} {ergonomic}
     bool UseCompressedClassPointers               = true                                 {lp64_product} {ergonomic}
     bool UseCompressedOops                        = true                                 {lp64_product} {ergonomic}
     bool UseG1GC                                  = true                                      {product} {command line}
     bool UseStringDeduplication                   = true                                      {product} {command line}

Logging:
Log output configuration:
 #0: stdout all=warning uptime,level,tags
 #1: stderr all=off uptime,level,tags

Environment Variables:
PATH=/usr/local/sbin:/usr/local/bin:/usr/sbin:/usr/bin:/sbin:/bin:/usr/games:/usr/local/games:/snap/bin:/home/mbouopda/Android/Sdk/emulator:/home/mbouopda/Android/Sdk/tools:/home/mbouopda/Android/Sdk/tools/bin:/home/mbouopda/Android/Sdk/platform-tools
USERNAME=mbouopda
SHELL=/bin/bash
DISPLAY=:0

Signal Handlers:
SIGSEGV: [libjvm.so+0xde5f50], sa_mask[0]=11111111011111111101111111111110, sa_flags=SA_RESTART|SA_SIGINFO
SIGBUS: [libjvm.so+0xde5f50], sa_mask[0]=11111111011111111101111111111110, sa_flags=SA_RESTART|SA_SIGINFO
SIGFPE: [libjvm.so+0xde5f50], sa_mask[0]=11111111011111111101111111111110, sa_flags=SA_RESTART|SA_SIGINFO
SIGPIPE: [libjvm.so+0xbba5b0], sa_mask[0]=11111111011111111101111111111110, sa_flags=SA_RESTART|SA_SIGINFO
SIGXFSZ: [libjvm.so+0xbba5b0], sa_mask[0]=11111111011111111101111111111110, sa_flags=SA_RESTART|SA_SIGINFO
SIGILL: [libjvm.so+0xde5f50], sa_mask[0]=11111111011111111101111111111110, sa_flags=SA_RESTART|SA_SIGINFO
SIGUSR2: [libjvm.so+0xbba450], sa_mask[0]=00000000000000000000000000000000, sa_flags=SA_RESTART|SA_SIGINFO
SIGHUP: [libjvm.so+0xbba7b0], sa_mask[0]=11111111011111111101111111111110, sa_flags=SA_RESTART|SA_SIGINFO
SIGINT: [libjvm.so+0xbba7b0], sa_mask[0]=11111111011111111101111111111110, sa_flags=SA_RESTART|SA_SIGINFO
SIGTERM: [libjvm.so+0xbba7b0], sa_mask[0]=11111111011111111101111111111110, sa_flags=SA_RESTART|SA_SIGINFO
SIGQUIT: [libjvm.so+0xbba7b0], sa_mask[0]=11111111011111111101111111111110, sa_flags=SA_RESTART|SA_SIGINFO


---------------  S Y S T E M  ---------------

OS:DISTRIB_ID=Ubuntu
DISTRIB_RELEASE=18.04
DISTRIB_CODENAME=bionic
DISTRIB_DESCRIPTION="Ubuntu 18.04.3 LTS"
uname:Linux 5.0.0-37-generic #40~18.04.1-Ubuntu SMP Thu Nov 14 12:06:39 UTC 2019 x86_64
libc:glibc 2.27 NPTL 2.27 
rlimit: STACK 8192k, CORE 0k, NPROC 13410, NOFILE 1048576, AS infinity, DATA infinity, FSIZE infinity
load average:10,70 3,81 2,24

/proc/meminfo:
MemTotal:        3481248 kB
MemFree:          106956 kB
MemAvailable:      90004 kB
Buffers:            7836 kB
Cached:           234064 kB
SwapCached:        54244 kB
Active:          2318988 kB
Inactive:         627560 kB
Active(anon):    2284396 kB
Inactive(anon):   571176 kB
Active(file):      34592 kB
Inactive(file):    56384 kB
Unevictable:          48 kB
Mlocked:              48 kB
SwapTotal:       2097148 kB
SwapFree:              4 kB
Dirty:               152 kB
Writeback:             0 kB
AnonPages:       2652284 kB
Mapped:           175860 kB
Shmem:            150956 kB
KReclaimable:     108020 kB
Slab:             181416 kB
SReclaimable:     108020 kB
SUnreclaim:        73396 kB
KernelStack:       20384 kB
PageTables:       105092 kB
NFS_Unstable:          0 kB
Bounce:                0 kB
WritebackTmp:          0 kB
CommitLimit:     3837772 kB
Committed_AS:   15437332 kB
VmallocTotal:   34359738367 kB
VmallocUsed:           0 kB
VmallocChunk:          0 kB
Percpu:             1264 kB
HardwareCorrupted:     0 kB
AnonHugePages:         0 kB
ShmemHugePages:        0 kB
ShmemPmdMapped:        0 kB
CmaTotal:              0 kB
CmaFree:               0 kB
HugePages_Total:       0
HugePages_Free:        0
HugePages_Rsvd:        0
HugePages_Surp:        0
Hugepagesize:       2048 kB
Hugetlb:               0 kB
DirectMap4k:      413148 kB
DirectMap2M:     3217408 kB
DirectMap1G:           0 kB


/proc/sys/kernel/threads-max (system-wide limit on the number of threads):
26820


/proc/sys/vm/max_map_count (maximum number of memory map areas a process may have):
65530


/proc/sys/kernel/pid_max (system-wide limit on number of process identifiers):
32768



container (cgroup) information:
container_type: cgroupv1
cpu_cpuset_cpus: 0-3
cpu_memory_nodes: 0
active_processor_count: 4
cpu_quota: -1
cpu_period: 100000
cpu_shares: -1
memory_limit_in_bytes: -1
memory_and_swap_limit_in_bytes: -2
memory_soft_limit_in_bytes: -1
memory_usage_in_bytes: 3007619072
memory_max_usage_in_bytes: 103350272

Steal ticks since vm start: 0
Steal ticks percentage since vm start:  0,000

CPU:total 4 (initial active 4) (4 cores per cpu, 1 threads per core) family 22 model 48 stepping 1, cmov, cx8, fxsr, mmx, sse, sse2, sse3, ssse3, sse4.1, sse4.2, popcnt, avx, aes, clmul, mmxext, 3dnowpref, lzcnt, sse4a, tsc, tscinvbit, tscinv, bmi1
CPU Model and flags from /proc/cpuinfo:
model name	: AMD A4-6210 APU with AMD Radeon R3 Graphics
flags		: fpu vme de pse tsc msr pae mce cx8 apic sep mtrr pge mca cmov pat pse36 clflush mmx fxsr sse sse2 ht syscall nx mmxext fxsr_opt pdpe1gb rdtscp lm constant_tsc rep_good acc_power nopl nonstop_tsc cpuid extd_apicid aperfmperf pni pclmulqdq monitor ssse3 cx16 sse4_1 sse4_2 movbe popcnt aes xsave avx f16c lahf_lm cmp_legacy svm extapic cr8_legacy abm sse4a misalignsse 3dnowprefetch osvw ibs skinit wdt topoext perfctr_nb bpext ptsc perfctr_llc hw_pstate ssbd vmmcall bmi1 xsaveopt arat npt lbrv svm_lock nrip_save tsc_scale flushbyasid decodeassists pausefilter pfthreshold overflow_recov

Memory: 4k page, physical 3481248k(106592k free), swap 2097148k(4k free)

vm_info: OpenJDK 64-Bit Server VM (11.0.4+11-post-Ubuntu-1ubuntu218.04.3) for linux-amd64 JRE (11.0.4+11-post-Ubuntu-1ubuntu218.04.3), built on Jul 18 2019 18:21:46 by "buildd" with gcc 7.4.0

END.
